[debug] [2025-11-10T01:13:37.975Z] ----------------------------------------------------------------------
[debug] [2025-11-10T01:13:37.984Z] Command:       /Users/thomaspowell/.nvm/versions/node/v22.12.0/bin/node /Users/thomaspowell/.nvm/versions/node/v22.12.0/bin/firebase deploy --only functions:createquery
[debug] [2025-11-10T01:13:37.984Z] CLI Version:   14.22.0
[debug] [2025-11-10T01:13:37.984Z] Platform:      darwin
[debug] [2025-11-10T01:13:37.984Z] Node Version:  v22.12.0
[debug] [2025-11-10T01:13:37.984Z] Time:          Sun Nov 09 2025 20:13:37 GMT-0500 (Eastern Standard Time)
[debug] [2025-11-10T01:13:37.985Z] ----------------------------------------------------------------------
[debug] 
[debug] [2025-11-10T01:13:38.078Z] > command requires scopes: ["email","openid","https://www.googleapis.com/auth/cloudplatformprojects.readonly","https://www.googleapis.com/auth/firebase","https://www.googleapis.com/auth/cloud-platform"]
[debug] [2025-11-10T01:13:38.079Z] > authorizing via signed-in user (tom@axiomaim.com)
[debug] [2025-11-10T01:13:38.079Z] [iam] checking project jobjab-app for permissions ["cloudfunctions.functions.create","cloudfunctions.functions.delete","cloudfunctions.functions.get","cloudfunctions.functions.list","cloudfunctions.functions.update","cloudfunctions.operations.get","firebase.projects.get"]
[debug] [2025-11-10T01:13:38.079Z] Checked if tokens are valid: true, expires at: 1762738155796
[debug] [2025-11-10T01:13:38.079Z] Checked if tokens are valid: true, expires at: 1762738155796
[debug] [2025-11-10T01:13:38.080Z] >>> [apiv2][query] POST https://cloudresourcemanager.googleapis.com/v1/projects/jobjab-app:testIamPermissions [none]
[debug] [2025-11-10T01:13:38.080Z] >>> [apiv2][(partial)header] POST https://cloudresourcemanager.googleapis.com/v1/projects/jobjab-app:testIamPermissions x-goog-quota-user=projects/jobjab-app
[debug] [2025-11-10T01:13:38.080Z] >>> [apiv2][body] POST https://cloudresourcemanager.googleapis.com/v1/projects/jobjab-app:testIamPermissions {"permissions":["cloudfunctions.functions.create","cloudfunctions.functions.delete","cloudfunctions.functions.get","cloudfunctions.functions.list","cloudfunctions.functions.update","cloudfunctions.operations.get","firebase.projects.get"]}
[debug] [2025-11-10T01:13:38.282Z] <<< [apiv2][status] POST https://cloudresourcemanager.googleapis.com/v1/projects/jobjab-app:testIamPermissions 200
[debug] [2025-11-10T01:13:38.282Z] <<< [apiv2][body] POST https://cloudresourcemanager.googleapis.com/v1/projects/jobjab-app:testIamPermissions {"permissions":["cloudfunctions.functions.create","cloudfunctions.functions.delete","cloudfunctions.functions.get","cloudfunctions.functions.list","cloudfunctions.functions.update","cloudfunctions.operations.get","firebase.projects.get"]}
[debug] [2025-11-10T01:13:38.282Z] Checked if tokens are valid: true, expires at: 1762738155796
[debug] [2025-11-10T01:13:38.282Z] Checked if tokens are valid: true, expires at: 1762738155796
[debug] [2025-11-10T01:13:38.282Z] >>> [apiv2][query] POST https://iam.googleapis.com/v1/projects/jobjab-app/serviceAccounts/jobjab-app@appspot.gserviceaccount.com:testIamPermissions [none]
[debug] [2025-11-10T01:13:38.282Z] >>> [apiv2][body] POST https://iam.googleapis.com/v1/projects/jobjab-app/serviceAccounts/jobjab-app@appspot.gserviceaccount.com:testIamPermissions {"permissions":["iam.serviceAccounts.actAs"]}
[debug] [2025-11-10T01:13:38.482Z] <<< [apiv2][status] POST https://iam.googleapis.com/v1/projects/jobjab-app/serviceAccounts/jobjab-app@appspot.gserviceaccount.com:testIamPermissions 404
[debug] [2025-11-10T01:13:38.483Z] <<< [apiv2][body] POST https://iam.googleapis.com/v1/projects/jobjab-app/serviceAccounts/jobjab-app@appspot.gserviceaccount.com:testIamPermissions {"error":{"code":404,"message":"Unknown service account","status":"NOT_FOUND"}}
[debug] [2025-11-10T01:13:38.483Z] [functions] service account IAM check errored, deploy may fail: Request to https://iam.googleapis.com/v1/projects/jobjab-app/serviceAccounts/jobjab-app@appspot.gserviceaccount.com:testIamPermissions had HTTP Error: 404, Unknown service account {"name":"FirebaseError","children":[],"context":{"body":{"error":{"code":404,"message":"Unknown service account","status":"NOT_FOUND"}},"response":{"statusCode":404}},"exit":1,"message":"Request to https://iam.googleapis.com/v1/projects/jobjab-app/serviceAccounts/jobjab-app@appspot.gserviceaccount.com:testIamPermissions had HTTP Error: 404, Unknown service account","status":404}
[info] 
[info] === Deploying to 'jobjab-app'...
[info] 
[info] i  deploying functions 
[info] Running command: npm --prefix "$RESOURCE_DIR" run build
[info] ✔  functions: Finished running predeploy script. 
[debug] [2025-11-10T01:13:41.886Z] Checked if tokens are valid: true, expires at: 1762738155796
[debug] [2025-11-10T01:13:41.886Z] Checked if tokens are valid: true, expires at: 1762738155796
[debug] [2025-11-10T01:13:41.886Z] >>> [apiv2][query] GET https://cloudresourcemanager.googleapis.com/v1/projects/jobjab-app [none]
[debug] [2025-11-10T01:13:42.006Z] <<< [apiv2][status] GET https://cloudresourcemanager.googleapis.com/v1/projects/jobjab-app 200
[debug] [2025-11-10T01:13:42.006Z] <<< [apiv2][body] GET https://cloudresourcemanager.googleapis.com/v1/projects/jobjab-app {"projectNumber":"1094720738965","projectId":"jobjab-app","lifecycleState":"ACTIVE","name":"JOBJAB-APP","labels":{"firebase":"enabled","firebase-core":"disabled"},"createTime":"2025-10-03T00:51:11.630185Z","parent":{"type":"organization","id":"514540951345"}}
[info] i  functions: preparing codebase default for deployment 
[info] i  functions: ensuring required API cloudfunctions.googleapis.com is enabled... 
[info] i  functions: ensuring required API cloudbuild.googleapis.com is enabled... 
[info] i  artifactregistry: ensuring required API artifactregistry.googleapis.com is enabled... 
[debug] [2025-11-10T01:13:42.008Z] Checked if tokens are valid: true, expires at: 1762738155796
[debug] [2025-11-10T01:13:42.008Z] Checked if tokens are valid: true, expires at: 1762738155796
[debug] [2025-11-10T01:13:42.008Z] >>> [apiv2][query] GET https://firebase.googleapis.com/v1beta1/projects/jobjab-app/adminSdkConfig [none]
[debug] [2025-11-10T01:13:42.405Z] <<< [apiv2][status] GET https://firebase.googleapis.com/v1beta1/projects/jobjab-app/adminSdkConfig 200
[debug] [2025-11-10T01:13:42.405Z] <<< [apiv2][body] GET https://firebase.googleapis.com/v1beta1/projects/jobjab-app/adminSdkConfig {"projectId":"jobjab-app","storageBucket":"jobjab-app.firebasestorage.app"}
[debug] [2025-11-10T01:13:42.406Z] Checked if tokens are valid: true, expires at: 1762738155796
[debug] [2025-11-10T01:13:42.406Z] Checked if tokens are valid: true, expires at: 1762738155796
[debug] [2025-11-10T01:13:42.406Z] >>> [apiv2][query] GET https://runtimeconfig.googleapis.com/v1beta1/projects/jobjab-app/configs [none]
[debug] [2025-11-10T01:13:42.911Z] <<< [apiv2][status] GET https://runtimeconfig.googleapis.com/v1beta1/projects/jobjab-app/configs 200
[debug] [2025-11-10T01:13:42.911Z] <<< [apiv2][body] GET https://runtimeconfig.googleapis.com/v1beta1/projects/jobjab-app/configs {}
[debug] [2025-11-10T01:13:42.913Z] Validating nodejs source
[debug] [2025-11-10T01:13:43.610Z] > [functions] package.json contents: {
  "name": "functions",
  "scripts": {
    "build": "tsc",
    "build:watch": "tsc --watch",
    "serve": "npm run build && firebase emulators:start --only functions",
    "shell": "npm run build && firebase functions:shell",
    "start": "npm run shell",
    "deploy": "firebase deploy --only functions",
    "logs": "firebase functions:log"
  },
  "engines": {
    "node": "22"
  },
  "main": "lib/index.js",
  "dependencies": {
    "firebase-admin": "^12.7.0",
    "firebase-functions": "^6.6.0",
    "uuid": "^13.0.0"
  },
  "devDependencies": {
    "@types/node": "^24.7.2",
    "firebase-functions-test": "^3.1.0",
    "typescript": "^5.7.3"
  },
  "private": true
}
[debug] [2025-11-10T01:13:43.610Z] Building nodejs source
[info] i  functions: Loading and analyzing source code for codebase default to determine what to deploy 
[debug] [2025-11-10T01:13:43.611Z] Could not find functions.yaml. Must use http discovery
[debug] [2025-11-10T01:13:43.618Z] Found firebase-functions binary at '/Users/thomaspowell/GitHub/JobJab/jobjab-app/functions/node_modules/.bin/firebase-functions'
[info] Serving at port 8755

[error] (node:53794) ExperimentalWarning: CommonJS module /Users/thomaspowell/GitHub/JobJab/jobjab-app/functions/lib/index.js is loading ES Module /Users/thomaspowell/GitHub/JobJab/jobjab-app/functions/node_modules/uuid/dist-node/index.js using require().
Support for loading ES Module in require() is an experimental feature and might change at any time
(Use `node --trace-warnings ...` to show where the warning was created)

[debug] [2025-11-10T01:13:44.250Z] Got response from /__/functions.yaml {"endpoints":{"createquery":{"availableMemoryMb":null,"timeoutSeconds":null,"minInstances":null,"maxInstances":null,"ingressSettings":null,"concurrency":null,"serviceAccountEmail":null,"vpc":null,"platform":"gcfv2","labels":{},"eventTrigger":{"eventType":"google.cloud.firestore.document.v1.created","eventFilters":{"database":"(default)","namespace":"(default)"},"eventFilterPathPatterns":{"document":"queries/{queryId}"},"retry":false},"entryPoint":"createquery"}},"specVersion":"v1alpha1","requiredAPIs":[],"extensions":{}}
[info] i  extensions: ensuring required API firebaseextensions.googleapis.com is enabled... 
[debug] [2025-11-10T01:13:48.267Z] > command requires scopes: ["email","openid","https://www.googleapis.com/auth/cloudplatformprojects.readonly","https://www.googleapis.com/auth/firebase","https://www.googleapis.com/auth/cloud-platform"]
[debug] [2025-11-10T01:13:48.267Z] > authorizing via signed-in user (tom@axiomaim.com)
[debug] [2025-11-10T01:13:48.267Z] [iam] checking project jobjab-app for permissions ["firebase.projects.get","firebaseextensions.instances.list"]
[debug] [2025-11-10T01:13:48.267Z] Checked if tokens are valid: true, expires at: 1762738155796
[debug] [2025-11-10T01:13:48.267Z] Checked if tokens are valid: true, expires at: 1762738155796
[debug] [2025-11-10T01:13:48.267Z] >>> [apiv2][query] POST https://cloudresourcemanager.googleapis.com/v1/projects/jobjab-app:testIamPermissions [none]
[debug] [2025-11-10T01:13:48.267Z] >>> [apiv2][(partial)header] POST https://cloudresourcemanager.googleapis.com/v1/projects/jobjab-app:testIamPermissions x-goog-quota-user=projects/jobjab-app
[debug] [2025-11-10T01:13:48.267Z] >>> [apiv2][body] POST https://cloudresourcemanager.googleapis.com/v1/projects/jobjab-app:testIamPermissions {"permissions":["firebase.projects.get","firebaseextensions.instances.list"]}
[debug] [2025-11-10T01:13:48.497Z] <<< [apiv2][status] POST https://cloudresourcemanager.googleapis.com/v1/projects/jobjab-app:testIamPermissions 200
[debug] [2025-11-10T01:13:48.497Z] <<< [apiv2][body] POST https://cloudresourcemanager.googleapis.com/v1/projects/jobjab-app:testIamPermissions {"permissions":["firebase.projects.get","firebaseextensions.instances.list"]}
[debug] [2025-11-10T01:13:48.498Z] Checked if tokens are valid: true, expires at: 1762738155796
[debug] [2025-11-10T01:13:48.498Z] Checked if tokens are valid: true, expires at: 1762738155796
[debug] [2025-11-10T01:13:48.498Z] >>> [apiv2][query] GET https://firebaseextensions.googleapis.com/v1beta/projects/jobjab-app/instances pageSize=100&pageToken=
[debug] [2025-11-10T01:13:48.922Z] <<< [apiv2][status] GET https://firebaseextensions.googleapis.com/v1beta/projects/jobjab-app/instances 200
[debug] [2025-11-10T01:13:48.923Z] <<< [apiv2][body] GET https://firebaseextensions.googleapis.com/v1beta/projects/jobjab-app/instances {}
[info] i  functions: preparing functions directory for uploading... 
[info] i  functions: packaged /Users/thomaspowell/GitHub/JobJab/jobjab-app/functions (68.83 KB) for uploading 
[debug] [2025-11-10T01:13:48.945Z] Checked if tokens are valid: true, expires at: 1762738155796
[debug] [2025-11-10T01:13:48.945Z] Checked if tokens are valid: true, expires at: 1762738155796
[debug] [2025-11-10T01:13:48.945Z] >>> [apiv2][query] GET https://cloudfunctions.googleapis.com/v1/projects/jobjab-app/locations/-/functions [none]
[debug] [2025-11-10T01:13:49.759Z] <<< [apiv2][status] GET https://cloudfunctions.googleapis.com/v1/projects/jobjab-app/locations/-/functions 200
[debug] [2025-11-10T01:13:49.759Z] <<< [apiv2][body] GET https://cloudfunctions.googleapis.com/v1/projects/jobjab-app/locations/-/functions {}
[debug] [2025-11-10T01:13:49.759Z] Checked if tokens are valid: true, expires at: 1762738155796
[debug] [2025-11-10T01:13:49.759Z] Checked if tokens are valid: true, expires at: 1762738155796
[debug] [2025-11-10T01:13:49.760Z] >>> [apiv2][query] GET https://cloudfunctions.googleapis.com/v2/projects/jobjab-app/locations/-/functions filter=environment%3D%22GEN_2%22
[debug] [2025-11-10T01:13:50.316Z] <<< [apiv2][status] GET https://cloudfunctions.googleapis.com/v2/projects/jobjab-app/locations/-/functions 200
[debug] [2025-11-10T01:13:50.316Z] <<< [apiv2][body] GET https://cloudfunctions.googleapis.com/v2/projects/jobjab-app/locations/-/functions {"functions":[{"name":"projects/jobjab-app/locations/us-central1/functions/sendClickNotification","buildConfig":{"build":"projects/1094720738965/locations/us-central1/builds/b88a2cf6-819e-4b54-bdbd-137ef0cecf11","runtime":"nodejs22","entryPoint":"sendClickNotification","source":{"storageSource":{"bucket":"gcf-v2-sources-1094720738965-us-central1","object":"sendClickNotification/function-source.zip","generation":"1760218430936458"}},"environmentVariables":{"GOOGLE_NODE_RUN_SCRIPTS":""},"dockerRepository":"projects/jobjab-app/locations/us-central1/repositories/gcf-artifacts","sourceProvenance":{"resolvedStorageSource":{"bucket":"gcf-v2-sources-1094720738965-us-central1","object":"sendClickNotification/function-source.zip","generation":"1760218430936458"}},"dockerRegistry":"ARTIFACT_REGISTRY","serviceAccount":"projects/jobjab-app/serviceAccounts/1094720738965-compute@developer.gserviceaccount.com","automaticUpdatePolicy":{}},"state":"UNKNOWN","updateTime":"2025-10-11T21:38:48.705533074Z","labels":{"deployment-tool":"cli-firebase","deployment-callable":"true","firebase-functions-hash":"fb06f518f1fbc081f1631e8fc2ce4444106c5187"},"stateMessages":[{"severity":"ERROR","type":"CloudRunServiceNotFound","message":"Cloud Run service projects/jobjab-app/locations/us-central1/services/sendclicknotification for the function was not found. The function will not work correctly. Please redeploy."}],"environment":"GEN_2","url":"https://us-central1-jobjab-app.cloudfunctions.net/sendClickNotification","createTime":"2025-10-11T21:33:51.134873552Z","satisfiesPzi":true}]}
[debug] [2025-11-10T01:13:50.317Z] Checked if tokens are valid: true, expires at: 1762738155796
[debug] [2025-11-10T01:13:50.317Z] Checked if tokens are valid: true, expires at: 1762738155796
[debug] [2025-11-10T01:13:50.317Z] >>> [apiv2][query] GET https://firestore.googleapis.com/v1/projects/jobjab-app/databases/(default) [none]
[debug] [2025-11-10T01:13:50.607Z] <<< [apiv2][status] GET https://firestore.googleapis.com/v1/projects/jobjab-app/databases/(default) 200
[debug] [2025-11-10T01:13:50.608Z] <<< [apiv2][body] GET https://firestore.googleapis.com/v1/projects/jobjab-app/databases/(default) {"name":"projects/jobjab-app/databases/(default)","uid":"01d30921-7c6c-4515-820f-13480d2470c7","createTime":"2025-10-07T02:46:23.351229Z","updateTime":"2025-10-07T02:46:23.351229Z","locationId":"nam5","type":"FIRESTORE_NATIVE","concurrencyMode":"PESSIMISTIC","versionRetentionPeriod":"3600s","earliestVersionTime":"2025-11-10T00:13:50.640445Z","appEngineIntegrationMode":"DISABLED","keyPrefix":"s","pointInTimeRecoveryEnablement":"POINT_IN_TIME_RECOVERY_DISABLED","deleteProtectionState":"DELETE_PROTECTION_DISABLED","databaseEdition":"STANDARD","freeTier":true,"realtimeUpdatesMode":"REALTIME_UPDATES_MODE_ENABLED","etag":"IMrl2/Oz5pADMKXKm8imkZAD"}
[info] i  functions: ensuring required API run.googleapis.com is enabled... 
[info] i  functions: ensuring required API eventarc.googleapis.com is enabled... 
[info] i  functions: ensuring required API pubsub.googleapis.com is enabled... 
[info] i  functions: ensuring required API storage.googleapis.com is enabled... 
[info] i  functions: generating the service identity for pubsub.googleapis.com... 
[debug] [2025-11-10T01:13:50.611Z] Checked if tokens are valid: true, expires at: 1762738155796
[debug] [2025-11-10T01:13:50.611Z] Checked if tokens are valid: true, expires at: 1762738155796
[info] i  functions: generating the service identity for eventarc.googleapis.com... 
[debug] [2025-11-10T01:13:50.611Z] Checked if tokens are valid: true, expires at: 1762738155796
[debug] [2025-11-10T01:13:50.611Z] Checked if tokens are valid: true, expires at: 1762738155796
[debug] [2025-11-10T01:13:50.611Z] >>> [apiv2][query] POST https://serviceusage.googleapis.com/v1beta1/projects/1094720738965/services/pubsub.googleapis.com:generateServiceIdentity [none]
[debug] [2025-11-10T01:13:50.611Z] >>> [apiv2][(partial)header] POST https://serviceusage.googleapis.com/v1beta1/projects/1094720738965/services/pubsub.googleapis.com:generateServiceIdentity x-goog-quota-user=projects/1094720738965
[debug] [2025-11-10T01:13:50.611Z] >>> [apiv2][body] POST https://serviceusage.googleapis.com/v1beta1/projects/1094720738965/services/pubsub.googleapis.com:generateServiceIdentity {}
[debug] [2025-11-10T01:13:50.613Z] >>> [apiv2][query] POST https://serviceusage.googleapis.com/v1beta1/projects/1094720738965/services/eventarc.googleapis.com:generateServiceIdentity [none]
[debug] [2025-11-10T01:13:50.613Z] >>> [apiv2][(partial)header] POST https://serviceusage.googleapis.com/v1beta1/projects/1094720738965/services/eventarc.googleapis.com:generateServiceIdentity x-goog-quota-user=projects/1094720738965
[debug] [2025-11-10T01:13:50.613Z] >>> [apiv2][body] POST https://serviceusage.googleapis.com/v1beta1/projects/1094720738965/services/eventarc.googleapis.com:generateServiceIdentity {}
[debug] [2025-11-10T01:13:51.222Z] <<< [apiv2][status] POST https://serviceusage.googleapis.com/v1beta1/projects/1094720738965/services/pubsub.googleapis.com:generateServiceIdentity 200
[debug] [2025-11-10T01:13:51.222Z] <<< [apiv2][body] POST https://serviceusage.googleapis.com/v1beta1/projects/1094720738965/services/pubsub.googleapis.com:generateServiceIdentity {"name":"operations/finished.DONE_OPERATION","done":true,"response":{"@type":"type.googleapis.com/google.api.serviceusage.v1beta1.ServiceIdentity","email":"service-1094720738965@gcp-sa-pubsub.iam.gserviceaccount.com","uniqueId":"101650984669685596219"}}
[debug] [2025-11-10T01:13:51.247Z] <<< [apiv2][status] POST https://serviceusage.googleapis.com/v1beta1/projects/1094720738965/services/eventarc.googleapis.com:generateServiceIdentity 200
[debug] [2025-11-10T01:13:51.247Z] <<< [apiv2][body] POST https://serviceusage.googleapis.com/v1beta1/projects/1094720738965/services/eventarc.googleapis.com:generateServiceIdentity {"name":"operations/finished.DONE_OPERATION","done":true,"response":{"@type":"type.googleapis.com/google.api.serviceusage.v1beta1.ServiceIdentity","email":"service-1094720738965@gcp-sa-eventarc.iam.gserviceaccount.com","uniqueId":"104749560080636070893"}}
[debug] [2025-11-10T01:13:51.249Z] Checked if tokens are valid: true, expires at: 1762738155796
[debug] [2025-11-10T01:13:51.249Z] Checked if tokens are valid: true, expires at: 1762738155796
[debug] [2025-11-10T01:13:51.249Z] >>> [apiv2][query] GET https://compute.googleapis.com/compute/v1/projects/1094720738965 [none]
[debug] [2025-11-10T01:13:51.556Z] <<< [apiv2][status] GET https://compute.googleapis.com/compute/v1/projects/1094720738965 403
[debug] [2025-11-10T01:13:51.556Z] <<< [apiv2][body] GET https://compute.googleapis.com/compute/v1/projects/1094720738965 {"error":{"code":403,"message":"Compute Engine API has not been used in project 1094720738965 before or it is disabled. Enable it by visiting https://console.developers.google.com/apis/api/compute.googleapis.com/overview?project=1094720738965 then retry. If you enabled this API recently, wait a few minutes for the action to propagate to our systems and retry.","errors":[{"message":"Compute Engine API has not been used in project 1094720738965 before or it is disabled. Enable it by visiting https://console.developers.google.com/apis/api/compute.googleapis.com/overview?project=1094720738965 then retry. If you enabled this API recently, wait a few minutes for the action to propagate to our systems and retry.","domain":"usageLimits","reason":"accessNotConfigured","extendedHelp":"https://console.developers.google.com"}],"status":"PERMISSION_DENIED","details":[{"@type":"type.googleapis.com/google.rpc.ErrorInfo","reason":"SERVICE_DISABLED","domain":"googleapis.com","metadata":{"serviceTitle":"Compute Engine API","containerInfo":"1094720738965","activationUrl":"https://console.developers.google.com/apis/api/compute.googleapis.com/overview?project=1094720738965","service":"compute.googleapis.com","consumer":"projects/1094720738965"}},{"@type":"type.googleapis.com/google.rpc.LocalizedMessage","locale":"en-US","message":"Compute Engine API has not been used in project 1094720738965 before or it is disabled. Enable it by visiting https://console.developers.google.com/apis/api/compute.googleapis.com/overview?project=1094720738965 then retry. If you enabled this API recently, wait a few minutes for the action to propagate to our systems and retry."},{"@type":"type.googleapis.com/google.rpc.Help","links":[{"description":"Google developers console API activation","url":"https://console.developers.google.com/apis/api/compute.googleapis.com/overview?project=1094720738965"}]}]}}
[debug] [2025-11-10T01:13:51.556Z] unable to look up default compute service account. Falling back to 1094720738965-compute@developer.gserviceaccount.com. Error: {"name":"FirebaseError","children":[],"context":{"body":{"error":{"code":403,"message":"Compute Engine API has not been used in project 1094720738965 before or it is disabled. Enable it by visiting https://console.developers.google.com/apis/api/compute.googleapis.com/overview?project=1094720738965 then retry. If you enabled this API recently, wait a few minutes for the action to propagate to our systems and retry.","errors":[{"message":"Compute Engine API has not been used in project 1094720738965 before or it is disabled. Enable it by visiting https://console.developers.google.com/apis/api/compute.googleapis.com/overview?project=1094720738965 then retry. If you enabled this API recently, wait a few minutes for the action to propagate to our systems and retry.","domain":"usageLimits","reason":"accessNotConfigured","extendedHelp":"https://console.developers.google.com"}],"status":"PERMISSION_DENIED","details":[{"@type":"type.googleapis.com/google.rpc.ErrorInfo","reason":"SERVICE_DISABLED","domain":"googleapis.com","metadata":{"serviceTitle":"Compute Engine API","containerInfo":"1094720738965","activationUrl":"https://console.developers.google.com/apis/api/compute.googleapis.com/overview?project=1094720738965","service":"compute.googleapis.com","consumer":"projects/1094720738965"}},{"@type":"type.googleapis.com/google.rpc.LocalizedMessage","locale":"en-US","message":"Compute Engine API has not been used in project 1094720738965 before or it is disabled. Enable it by visiting https://console.developers.google.com/apis/api/compute.googleapis.com/overview?project=1094720738965 then retry. If you enabled this API recently, wait a few minutes for the action to propagate to our systems and retry."},{"@type":"type.googleapis.com/google.rpc.Help","links":[{"description":"Google developers console API activation","url":"https://console.developers.google.com/apis/api/compute.googleapis.com/overview?project=1094720738965"}]}]}},"response":{"statusCode":403}},"exit":1,"message":"Request to https://compute.googleapis.com/compute/v1/projects/1094720738965 had HTTP Error: 403, Compute Engine API has not been used in project 1094720738965 before or it is disabled. Enable it by visiting https://console.developers.google.com/apis/api/compute.googleapis.com/overview?project=1094720738965 then retry. If you enabled this API recently, wait a few minutes for the action to propagate to our systems and retry.","status":403}
[debug] [2025-11-10T01:13:51.557Z] Checked if tokens are valid: true, expires at: 1762738155796
[debug] [2025-11-10T01:13:51.557Z] Checked if tokens are valid: true, expires at: 1762738155796
[debug] [2025-11-10T01:13:51.557Z] >>> [apiv2][query] POST https://cloudresourcemanager.googleapis.com/v1/projects/1094720738965:getIamPolicy [none]
[debug] [2025-11-10T01:13:51.814Z] <<< [apiv2][status] POST https://cloudresourcemanager.googleapis.com/v1/projects/1094720738965:getIamPolicy 200
[debug] [2025-11-10T01:13:51.814Z] <<< [apiv2][body] POST https://cloudresourcemanager.googleapis.com/v1/projects/1094720738965:getIamPolicy {"version":1,"etag":"BwZDMtNXnpY=","bindings":[{"role":"roles/artifactregistry.serviceAgent","members":["serviceAccount:service-1094720738965@gcp-sa-artifactregistry.iam.gserviceaccount.com"]},{"role":"roles/cloudbuild.builds.builder","members":["serviceAccount:1094720738965@cloudbuild.gserviceaccount.com"]},{"role":"roles/cloudbuild.serviceAgent","members":["serviceAccount:service-1094720738965@gcp-sa-cloudbuild.iam.gserviceaccount.com"]},{"role":"roles/cloudfunctions.admin","members":["serviceAccount:firebase-adminsdk-fbsvc@jobjab-app.iam.gserviceaccount.com"]},{"role":"roles/cloudfunctions.serviceAgent","members":["serviceAccount:service-1094720738965@gcf-admin-robot.iam.gserviceaccount.com"]},{"role":"roles/containerregistry.ServiceAgent","members":["serviceAccount:service-1094720738965@containerregistry.iam.gserviceaccount.com"]},{"role":"roles/developerconnect.readTokenAccessor","members":["serviceAccount:firebase-app-hosting-compute@jobjab-app.iam.gserviceaccount.com"]},{"role":"roles/developerconnect.serviceAgent","members":["serviceAccount:service-1094720738965@gcp-sa-devconnect.iam.gserviceaccount.com"]},{"role":"roles/editor","members":["serviceAccount:1094720738965-compute@developer.gserviceaccount.com","serviceAccount:1094720738965@cloudservices.gserviceaccount.com"]},{"role":"roles/eventarc.eventReceiver","members":["serviceAccount:1094720738965-compute@developer.gserviceaccount.com"]},{"role":"roles/eventarc.serviceAgent","members":["serviceAccount:service-1094720738965@gcp-sa-eventarc.iam.gserviceaccount.com"]},{"role":"roles/firebase.managementServiceAgent","members":["serviceAccount:service-1094720738965@gcp-sa-firebase.iam.gserviceaccount.com"]},{"role":"roles/firebase.sdkAdminServiceAgent","members":["serviceAccount:firebase-adminsdk-fbsvc@jobjab-app.iam.gserviceaccount.com","serviceAccount:firebase-app-hosting-compute@jobjab-app.iam.gserviceaccount.com"]},{"role":"roles/firebaseapphosting.computeRunner","members":["serviceAccount:firebase-app-hosting-compute@jobjab-app.iam.gserviceaccount.com"]},{"role":"roles/firebaseapphosting.serviceAgent","members":["serviceAccount:service-1094720738965@gcp-sa-firebaseapphosting.iam.gserviceaccount.com"]},{"role":"roles/firebaseauth.admin","members":["serviceAccount:firebase-adminsdk-fbsvc@jobjab-app.iam.gserviceaccount.com"]},{"role":"roles/firebasemods.serviceAgent","members":["serviceAccount:service-1094720738965@gcp-sa-firebasemods.iam.gserviceaccount.com"]},{"role":"roles/firebaserules.system","members":["serviceAccount:service-1094720738965@firebase-rules.iam.gserviceaccount.com"]},{"role":"roles/firebasestorage.serviceAgent","members":["serviceAccount:service-1094720738965@gcp-sa-firebasestorage.iam.gserviceaccount.com"]},{"role":"roles/firestore.serviceAgent","members":["serviceAccount:service-1094720738965@gcp-sa-firestore.iam.gserviceaccount.com"]},{"role":"roles/iam.serviceAccountTokenCreator","members":["serviceAccount:firebase-adminsdk-fbsvc@jobjab-app.iam.gserviceaccount.com","serviceAccount:service-1094720738965@gcp-sa-pubsub.iam.gserviceaccount.com"]},{"role":"roles/owner","members":["user:tom@axiomaim.com"]},{"role":"roles/run.invoker","members":["serviceAccount:1094720738965-compute@developer.gserviceaccount.com"]},{"role":"roles/run.serviceAgent","members":["serviceAccount:service-1094720738965@serverless-robot-prod.iam.gserviceaccount.com"]},{"role":"roles/secretmanager.admin_withcond_25dbbf2a3fecd6d2ee6b","members":["serviceAccount:service-1094720738965@gcp-sa-devconnect.iam.gserviceaccount.com"]},{"role":"roles/storage.admin","members":["serviceAccount:firebase-adminsdk-fbsvc@jobjab-app.iam.gserviceaccount.com"]}]}
[debug] [2025-11-10T01:13:51.816Z] Checked if tokens are valid: true, expires at: 1762738155796
[debug] [2025-11-10T01:13:51.816Z] Checked if tokens are valid: true, expires at: 1762738155796
[debug] [2025-11-10T01:13:51.816Z] >>> [apiv2][query] GET https://cloudresourcemanager.googleapis.com/v1/projects/jobjab-app [none]
[debug] [2025-11-10T01:13:51.964Z] <<< [apiv2][status] GET https://cloudresourcemanager.googleapis.com/v1/projects/jobjab-app 200
[debug] [2025-11-10T01:13:51.964Z] <<< [apiv2][body] GET https://cloudresourcemanager.googleapis.com/v1/projects/jobjab-app {"projectNumber":"1094720738965","projectId":"jobjab-app","lifecycleState":"ACTIVE","name":"JOBJAB-APP","labels":{"firebase":"enabled","firebase-core":"disabled"},"createTime":"2025-10-03T00:51:11.630185Z","parent":{"type":"organization","id":"514540951345"}}
[debug] [2025-11-10T01:13:51.964Z] Checked if tokens are valid: true, expires at: 1762738155796
[debug] [2025-11-10T01:13:51.964Z] Checked if tokens are valid: true, expires at: 1762738155796
[debug] [2025-11-10T01:13:51.965Z] >>> [apiv2][query] GET https://compute.googleapis.com/compute/v1/projects/1094720738965 [none]
[debug] [2025-11-10T01:13:52.070Z] <<< [apiv2][status] GET https://compute.googleapis.com/compute/v1/projects/1094720738965 403
[debug] [2025-11-10T01:13:52.070Z] <<< [apiv2][body] GET https://compute.googleapis.com/compute/v1/projects/1094720738965 {"error":{"code":403,"message":"Compute Engine API has not been used in project 1094720738965 before or it is disabled. Enable it by visiting https://console.developers.google.com/apis/api/compute.googleapis.com/overview?project=1094720738965 then retry. If you enabled this API recently, wait a few minutes for the action to propagate to our systems and retry.","errors":[{"message":"Compute Engine API has not been used in project 1094720738965 before or it is disabled. Enable it by visiting https://console.developers.google.com/apis/api/compute.googleapis.com/overview?project=1094720738965 then retry. If you enabled this API recently, wait a few minutes for the action to propagate to our systems and retry.","domain":"usageLimits","reason":"accessNotConfigured","extendedHelp":"https://console.developers.google.com"}],"status":"PERMISSION_DENIED","details":[{"@type":"type.googleapis.com/google.rpc.ErrorInfo","reason":"SERVICE_DISABLED","domain":"googleapis.com","metadata":{"serviceTitle":"Compute Engine API","service":"compute.googleapis.com","activationUrl":"https://console.developers.google.com/apis/api/compute.googleapis.com/overview?project=1094720738965","consumer":"projects/1094720738965","containerInfo":"1094720738965"}},{"@type":"type.googleapis.com/google.rpc.LocalizedMessage","locale":"en-US","message":"Compute Engine API has not been used in project 1094720738965 before or it is disabled. Enable it by visiting https://console.developers.google.com/apis/api/compute.googleapis.com/overview?project=1094720738965 then retry. If you enabled this API recently, wait a few minutes for the action to propagate to our systems and retry."},{"@type":"type.googleapis.com/google.rpc.Help","links":[{"description":"Google developers console API activation","url":"https://console.developers.google.com/apis/api/compute.googleapis.com/overview?project=1094720738965"}]}]}}
[debug] [2025-11-10T01:13:52.070Z] unable to look up default compute service account. Falling back to 1094720738965-compute@developer.gserviceaccount.com. Error: {"name":"FirebaseError","children":[],"context":{"body":{"error":{"code":403,"message":"Compute Engine API has not been used in project 1094720738965 before or it is disabled. Enable it by visiting https://console.developers.google.com/apis/api/compute.googleapis.com/overview?project=1094720738965 then retry. If you enabled this API recently, wait a few minutes for the action to propagate to our systems and retry.","errors":[{"message":"Compute Engine API has not been used in project 1094720738965 before or it is disabled. Enable it by visiting https://console.developers.google.com/apis/api/compute.googleapis.com/overview?project=1094720738965 then retry. If you enabled this API recently, wait a few minutes for the action to propagate to our systems and retry.","domain":"usageLimits","reason":"accessNotConfigured","extendedHelp":"https://console.developers.google.com"}],"status":"PERMISSION_DENIED","details":[{"@type":"type.googleapis.com/google.rpc.ErrorInfo","reason":"SERVICE_DISABLED","domain":"googleapis.com","metadata":{"serviceTitle":"Compute Engine API","service":"compute.googleapis.com","activationUrl":"https://console.developers.google.com/apis/api/compute.googleapis.com/overview?project=1094720738965","consumer":"projects/1094720738965","containerInfo":"1094720738965"}},{"@type":"type.googleapis.com/google.rpc.LocalizedMessage","locale":"en-US","message":"Compute Engine API has not been used in project 1094720738965 before or it is disabled. Enable it by visiting https://console.developers.google.com/apis/api/compute.googleapis.com/overview?project=1094720738965 then retry. If you enabled this API recently, wait a few minutes for the action to propagate to our systems and retry."},{"@type":"type.googleapis.com/google.rpc.Help","links":[{"description":"Google developers console API activation","url":"https://console.developers.google.com/apis/api/compute.googleapis.com/overview?project=1094720738965"}]}]}},"response":{"statusCode":403}},"exit":1,"message":"Request to https://compute.googleapis.com/compute/v1/projects/1094720738965 had HTTP Error: 403, Compute Engine API has not been used in project 1094720738965 before or it is disabled. Enable it by visiting https://console.developers.google.com/apis/api/compute.googleapis.com/overview?project=1094720738965 then retry. If you enabled this API recently, wait a few minutes for the action to propagate to our systems and retry.","status":403}
[debug] [2025-11-10T01:13:52.071Z] Checked if tokens are valid: true, expires at: 1762738155796
[debug] [2025-11-10T01:13:52.071Z] Checked if tokens are valid: true, expires at: 1762738155796
[debug] [2025-11-10T01:13:52.071Z] >>> [apiv2][query] GET https://compute.googleapis.com/compute/v1/projects/1094720738965 [none]
[debug] [2025-11-10T01:13:52.212Z] <<< [apiv2][status] GET https://compute.googleapis.com/compute/v1/projects/1094720738965 403
[debug] [2025-11-10T01:13:52.213Z] <<< [apiv2][body] GET https://compute.googleapis.com/compute/v1/projects/1094720738965 {"error":{"code":403,"message":"Compute Engine API has not been used in project 1094720738965 before or it is disabled. Enable it by visiting https://console.developers.google.com/apis/api/compute.googleapis.com/overview?project=1094720738965 then retry. If you enabled this API recently, wait a few minutes for the action to propagate to our systems and retry.","errors":[{"message":"Compute Engine API has not been used in project 1094720738965 before or it is disabled. Enable it by visiting https://console.developers.google.com/apis/api/compute.googleapis.com/overview?project=1094720738965 then retry. If you enabled this API recently, wait a few minutes for the action to propagate to our systems and retry.","domain":"usageLimits","reason":"accessNotConfigured","extendedHelp":"https://console.developers.google.com"}],"status":"PERMISSION_DENIED","details":[{"@type":"type.googleapis.com/google.rpc.ErrorInfo","reason":"SERVICE_DISABLED","domain":"googleapis.com","metadata":{"activationUrl":"https://console.developers.google.com/apis/api/compute.googleapis.com/overview?project=1094720738965","consumer":"projects/1094720738965","service":"compute.googleapis.com","serviceTitle":"Compute Engine API","containerInfo":"1094720738965"}},{"@type":"type.googleapis.com/google.rpc.LocalizedMessage","locale":"en-US","message":"Compute Engine API has not been used in project 1094720738965 before or it is disabled. Enable it by visiting https://console.developers.google.com/apis/api/compute.googleapis.com/overview?project=1094720738965 then retry. If you enabled this API recently, wait a few minutes for the action to propagate to our systems and retry."},{"@type":"type.googleapis.com/google.rpc.Help","links":[{"description":"Google developers console API activation","url":"https://console.developers.google.com/apis/api/compute.googleapis.com/overview?project=1094720738965"}]}]}}
[debug] [2025-11-10T01:13:52.213Z] unable to look up default compute service account. Falling back to 1094720738965-compute@developer.gserviceaccount.com. Error: {"name":"FirebaseError","children":[],"context":{"body":{"error":{"code":403,"message":"Compute Engine API has not been used in project 1094720738965 before or it is disabled. Enable it by visiting https://console.developers.google.com/apis/api/compute.googleapis.com/overview?project=1094720738965 then retry. If you enabled this API recently, wait a few minutes for the action to propagate to our systems and retry.","errors":[{"message":"Compute Engine API has not been used in project 1094720738965 before or it is disabled. Enable it by visiting https://console.developers.google.com/apis/api/compute.googleapis.com/overview?project=1094720738965 then retry. If you enabled this API recently, wait a few minutes for the action to propagate to our systems and retry.","domain":"usageLimits","reason":"accessNotConfigured","extendedHelp":"https://console.developers.google.com"}],"status":"PERMISSION_DENIED","details":[{"@type":"type.googleapis.com/google.rpc.ErrorInfo","reason":"SERVICE_DISABLED","domain":"googleapis.com","metadata":{"activationUrl":"https://console.developers.google.com/apis/api/compute.googleapis.com/overview?project=1094720738965","consumer":"projects/1094720738965","service":"compute.googleapis.com","serviceTitle":"Compute Engine API","containerInfo":"1094720738965"}},{"@type":"type.googleapis.com/google.rpc.LocalizedMessage","locale":"en-US","message":"Compute Engine API has not been used in project 1094720738965 before or it is disabled. Enable it by visiting https://console.developers.google.com/apis/api/compute.googleapis.com/overview?project=1094720738965 then retry. If you enabled this API recently, wait a few minutes for the action to propagate to our systems and retry."},{"@type":"type.googleapis.com/google.rpc.Help","links":[{"description":"Google developers console API activation","url":"https://console.developers.google.com/apis/api/compute.googleapis.com/overview?project=1094720738965"}]}]}},"response":{"statusCode":403}},"exit":1,"message":"Request to https://compute.googleapis.com/compute/v1/projects/1094720738965 had HTTP Error: 403, Compute Engine API has not been used in project 1094720738965 before or it is disabled. Enable it by visiting https://console.developers.google.com/apis/api/compute.googleapis.com/overview?project=1094720738965 then retry. If you enabled this API recently, wait a few minutes for the action to propagate to our systems and retry.","status":403}
[debug] [2025-11-10T01:13:52.215Z] Checked if tokens are valid: true, expires at: 1762738155796
[debug] [2025-11-10T01:13:52.215Z] Checked if tokens are valid: true, expires at: 1762738155796
[debug] [2025-11-10T01:13:52.215Z] >>> [apiv2][query] GET https://cloudbilling.googleapis.com/v1/projects/jobjab-app/billingInfo [none]
[debug] [2025-11-10T01:13:52.608Z] <<< [apiv2][status] GET https://cloudbilling.googleapis.com/v1/projects/jobjab-app/billingInfo 200
[debug] [2025-11-10T01:13:52.608Z] <<< [apiv2][body] GET https://cloudbilling.googleapis.com/v1/projects/jobjab-app/billingInfo {"name":"projects/jobjab-app/billingInfo","projectId":"jobjab-app","billingAccountName":"billingAccounts/017206-946E7A-198069","billingEnabled":true}
[debug] [2025-11-10T01:13:52.609Z] Checked if tokens are valid: true, expires at: 1762738155796
[debug] [2025-11-10T01:13:52.609Z] Checked if tokens are valid: true, expires at: 1762738155796
[debug] [2025-11-10T01:13:52.609Z] >>> [apiv2][query] POST https://cloudfunctions.googleapis.com/v2/projects/jobjab-app/locations/us-central1/functions:generateUploadUrl [none]
[debug] [2025-11-10T01:13:52.882Z] <<< [apiv2][status] POST https://cloudfunctions.googleapis.com/v2/projects/jobjab-app/locations/us-central1/functions:generateUploadUrl 200
[debug] [2025-11-10T01:13:52.882Z] <<< [apiv2][body] POST https://cloudfunctions.googleapis.com/v2/projects/jobjab-app/locations/us-central1/functions:generateUploadUrl {"uploadUrl":"https://storage.googleapis.com/gcf-v2-uploads-1094720738965.us-central1.cloudfunctions.appspot.com/bd8c8f52-f7b2-4957-ae04-a9e5bf8d6bd3.zip?GoogleAccessId=service-1094720738965@gcf-admin-robot.iam.gserviceaccount.com&Expires=1762739032&Signature=rmpIbJHf9hGzXEtlwzYWbki0J%2F5C1V7MAxL05nb1daqNwWDH76EIcl%2BJRaTOXW090%2FjShrvGe9mZ%2FCmpQHtAglX1op5t55fASZlYJGPd5vJwTvhyyZguIkocXX%2Brq3KE%2Bon2fYY72jnfkje55vUeuR7khvjRguASTBRIpncCJVlU59jTnHYBNwUrOtMj%2F%2BLNb6Daqb2eZ8pp%2B3Ix%2FWyWYIu02wLUa3gd9Ww32v8crsvRycqe32%2FpcsWsdoit6M1zJojB5L0B9AwBuGZnhfui7s%2BV92X0Y5Tao%2Fz64ALpxfYNyVgT1PdeDDh%2BNScRwxJq1XSzoEbAObnaUSyODiCHxQ%3D%3D","storageSource":{"bucket":"gcf-v2-uploads-1094720738965.us-central1.cloudfunctions.appspot.com","object":"bd8c8f52-f7b2-4957-ae04-a9e5bf8d6bd3.zip"}}
[debug] [2025-11-10T01:13:52.883Z] >>> [apiv2][query] PUT https://storage.googleapis.com/gcf-v2-uploads-1094720738965.us-central1.cloudfunctions.appspot.com/bd8c8f52-f7b2-4957-ae04-a9e5bf8d6bd3.zip GoogleAccessId=service-1094720738965%40gcf-admin-robot.iam.gserviceaccount.com&Expires=1762739032&Signature=rmpIbJHf9hGzXEtlwzYWbki0J%2F5C1V7MAxL05nb1daqNwWDH76EIcl%2BJRaTOXW090%2FjShrvGe9mZ%2FCmpQHtAglX1op5t55fASZlYJGPd5vJwTvhyyZguIkocXX%2Brq3KE%2Bon2fYY72jnfkje55vUeuR7khvjRguASTBRIpncCJVlU59jTnHYBNwUrOtMj%2F%2BLNb6Daqb2eZ8pp%2B3Ix%2FWyWYIu02wLUa3gd9Ww32v8crsvRycqe32%2FpcsWsdoit6M1zJojB5L0B9AwBuGZnhfui7s%2BV92X0Y5Tao%2Fz64ALpxfYNyVgT1PdeDDh%2BNScRwxJq1XSzoEbAObnaUSyODiCHxQ%3D%3D
[debug] [2025-11-10T01:13:52.883Z] >>> [apiv2][body] PUT https://storage.googleapis.com/gcf-v2-uploads-1094720738965.us-central1.cloudfunctions.appspot.com/bd8c8f52-f7b2-4957-ae04-a9e5bf8d6bd3.zip [stream]
[debug] [2025-11-10T01:13:53.427Z] <<< [apiv2][status] PUT https://storage.googleapis.com/gcf-v2-uploads-1094720738965.us-central1.cloudfunctions.appspot.com/bd8c8f52-f7b2-4957-ae04-a9e5bf8d6bd3.zip 200
[debug] [2025-11-10T01:13:53.428Z] <<< [apiv2][body] PUT https://storage.googleapis.com/gcf-v2-uploads-1094720738965.us-central1.cloudfunctions.appspot.com/bd8c8f52-f7b2-4957-ae04-a9e5bf8d6bd3.zip [omitted]
[info] ✔  functions: functions source uploaded successfully 
[info] i  functions: creating Node.js 22 (2nd Gen) function createquery(us-central1)... 
[debug] [2025-11-10T01:13:53.435Z] Checked if tokens are valid: true, expires at: 1762738155796
[debug] [2025-11-10T01:13:53.435Z] Checked if tokens are valid: true, expires at: 1762738155796
[debug] [2025-11-10T01:13:53.435Z] >>> [apiv2][query] POST https://cloudfunctions.googleapis.com/v2/projects/jobjab-app/locations/us-central1/functions functionId=createquery
[debug] [2025-11-10T01:13:53.435Z] >>> [apiv2][body] POST https://cloudfunctions.googleapis.com/v2/projects/jobjab-app/locations/us-central1/functions {"name":"projects/jobjab-app/locations/us-central1/functions/createquery","buildConfig":{"runtime":"nodejs22","entryPoint":"createquery","source":{"storageSource":{"bucket":"gcf-v2-uploads-1094720738965.us-central1.cloudfunctions.appspot.com","object":"bd8c8f52-f7b2-4957-ae04-a9e5bf8d6bd3.zip"}},"environmentVariables":{"GOOGLE_NODE_RUN_SCRIPTS":""}},"serviceConfig":{"environmentVariables":{"FIREBASE_CONFIG":"{\"projectId\":\"jobjab-app\",\"storageBucket\":\"jobjab-app.firebasestorage.app\"}","GCLOUD_PROJECT":"jobjab-app","EVENTARC_CLOUD_EVENT_SOURCE":"projects/jobjab-app/locations/us-central1/services/createquery","FUNCTION_SIGNATURE_TYPE":"cloudevent","FUNCTION_TARGET":"createquery","LOG_EXECUTION_ID":"true"},"ingressSettings":null,"timeoutSeconds":null,"serviceAccountEmail":null,"availableMemory":"256Mi","minInstanceCount":null,"maxInstanceCount":null,"maxInstanceRequestConcurrency":80,"availableCpu":"1","vpcConnector":null,"vpcConnectorEgressSettings":null},"labels":{"deployment-tool":"cli-firebase","firebase-functions-hash":"0cae0b3ebcce24d445e651cd8485da3e257b67b9"},"eventTrigger":{"eventType":"google.cloud.firestore.document.v1.created","retryPolicy":"RETRY_POLICY_DO_NOT_RETRY","eventFilters":[{"attribute":"database","value":"(default)"},{"attribute":"namespace","value":"(default)"},{"attribute":"document","value":"queries/{queryId}","operator":"match-path-pattern"}],"triggerRegion":"nam5"}}
[debug] [2025-11-10T01:13:54.652Z] <<< [apiv2][status] POST https://cloudfunctions.googleapis.com/v2/projects/jobjab-app/locations/us-central1/functions 200
[debug] [2025-11-10T01:13:54.653Z] <<< [apiv2][body] POST https://cloudfunctions.googleapis.com/v2/projects/jobjab-app/locations/us-central1/functions {"name":"projects/jobjab-app/locations/us-central1/operations/operation-1762737233682-643333ea55f18-bc73aca4-c3bf777f","metadata":{"@type":"type.googleapis.com/google.cloud.functions.v2.OperationMetadata","createTime":"2025-11-10T01:13:54.652291594Z","target":"projects/jobjab-app/locations/us-central1/functions/createquery","verb":"create","cancelRequested":false,"apiVersion":"v2"},"done":false}
[debug] [2025-11-10T01:13:54.654Z] Checked if tokens are valid: true, expires at: 1762738155796
[debug] [2025-11-10T01:13:54.654Z] Checked if tokens are valid: true, expires at: 1762738155796
[debug] [2025-11-10T01:13:54.654Z] >>> [apiv2][query] GET https://cloudfunctions.googleapis.com/v2/projects/jobjab-app/locations/us-central1/operations/operation-1762737233682-643333ea55f18-bc73aca4-c3bf777f [none]
[debug] [2025-11-10T01:13:54.820Z] <<< [apiv2][status] GET https://cloudfunctions.googleapis.com/v2/projects/jobjab-app/locations/us-central1/operations/operation-1762737233682-643333ea55f18-bc73aca4-c3bf777f 200
[debug] [2025-11-10T01:13:54.820Z] <<< [apiv2][body] GET https://cloudfunctions.googleapis.com/v2/projects/jobjab-app/locations/us-central1/operations/operation-1762737233682-643333ea55f18-bc73aca4-c3bf777f {"name":"projects/jobjab-app/locations/us-central1/operations/operation-1762737233682-643333ea55f18-bc73aca4-c3bf777f","metadata":{"@type":"type.googleapis.com/google.cloud.functions.v2.OperationMetadata","createTime":"2025-11-10T01:13:54.652291594Z","target":"projects/jobjab-app/locations/us-central1/functions/createquery","verb":"create","cancelRequested":false,"apiVersion":"v2","requestResource":{"@type":"type.googleapis.com/google.cloud.functions.v2.Function","name":"projects/jobjab-app/locations/us-central1/functions/createquery","buildConfig":{"runtime":"nodejs22","entryPoint":"createquery","source":{"storageSource":{"bucket":"gcf-v2-sources-1094720738965-us-central1","object":"createquery/function-source.zip","generation":"1762737233914553"}},"environmentVariables":{"GOOGLE_NODE_RUN_SCRIPTS":""},"serviceAccount":"projects/jobjab-app/serviceAccounts/1094720738965-compute@developer.gserviceaccount.com","automaticUpdatePolicy":{}},"serviceConfig":{"service":"projects/jobjab-app/locations/us-central1/services/createquery","timeoutSeconds":60,"environmentVariables":{"FIREBASE_CONFIG":"{\"projectId\":\"jobjab-app\",\"storageBucket\":\"jobjab-app.firebasestorage.app\"}","GCLOUD_PROJECT":"jobjab-app","EVENTARC_CLOUD_EVENT_SOURCE":"projects/jobjab-app/locations/us-central1/services/createquery","FUNCTION_SIGNATURE_TYPE":"cloudevent","FUNCTION_TARGET":"createquery","LOG_EXECUTION_ID":"true"},"ingressSettings":"ALLOW_ALL","serviceAccountEmail":"1094720738965-compute@developer.gserviceaccount.com","availableMemory":"256Mi","maxInstanceRequestConcurrency":80,"availableCpu":"1"},"eventTrigger":{"trigger":"projects/jobjab-app/locations/nam5/triggers/createquery-265037","triggerRegion":"nam5","eventType":"google.cloud.firestore.document.v1.created","eventFilters":[{"attribute":"database","value":"(default)"},{"attribute":"namespace","value":"(default)"},{"attribute":"document","value":"queries/{queryId}","operator":"match-path-pattern"}],"serviceAccountEmail":"1094720738965-compute@developer.gserviceaccount.com","retryPolicy":"RETRY_POLICY_DO_NOT_RETRY"},"labels":{"deployment-tool":"cli-firebase","firebase-functions-hash":"0cae0b3ebcce24d445e651cd8485da3e257b67b9"},"environment":"GEN_2"},"stages":[{"name":"BUILD","state":"NOT_STARTED"},{"name":"SERVICE","state":"NOT_STARTED"},{"name":"TRIGGER","state":"NOT_STARTED"}],"operationType":"CREATE_FUNCTION"},"done":false}
[debug] [2025-11-10T01:13:55.322Z] [create-default-us-central1-createquery] Retrying task index 0
[debug] [2025-11-10T01:13:55.322Z] Checked if tokens are valid: true, expires at: 1762738155796
[debug] [2025-11-10T01:13:55.322Z] Checked if tokens are valid: true, expires at: 1762738155796
[debug] [2025-11-10T01:13:55.322Z] >>> [apiv2][query] GET https://cloudfunctions.googleapis.com/v2/projects/jobjab-app/locations/us-central1/operations/operation-1762737233682-643333ea55f18-bc73aca4-c3bf777f [none]
[debug] [2025-11-10T01:13:55.573Z] <<< [apiv2][status] GET https://cloudfunctions.googleapis.com/v2/projects/jobjab-app/locations/us-central1/operations/operation-1762737233682-643333ea55f18-bc73aca4-c3bf777f 200
[debug] [2025-11-10T01:13:55.573Z] <<< [apiv2][body] GET https://cloudfunctions.googleapis.com/v2/projects/jobjab-app/locations/us-central1/operations/operation-1762737233682-643333ea55f18-bc73aca4-c3bf777f {"name":"projects/jobjab-app/locations/us-central1/operations/operation-1762737233682-643333ea55f18-bc73aca4-c3bf777f","metadata":{"@type":"type.googleapis.com/google.cloud.functions.v2.OperationMetadata","createTime":"2025-11-10T01:13:54.652291594Z","target":"projects/jobjab-app/locations/us-central1/functions/createquery","verb":"create","cancelRequested":false,"apiVersion":"v2","requestResource":{"@type":"type.googleapis.com/google.cloud.functions.v2.Function","name":"projects/jobjab-app/locations/us-central1/functions/createquery","buildConfig":{"runtime":"nodejs22","entryPoint":"createquery","source":{"storageSource":{"bucket":"gcf-v2-sources-1094720738965-us-central1","object":"createquery/function-source.zip","generation":"1762737233914553"}},"environmentVariables":{"GOOGLE_NODE_RUN_SCRIPTS":""},"serviceAccount":"projects/jobjab-app/serviceAccounts/1094720738965-compute@developer.gserviceaccount.com","automaticUpdatePolicy":{}},"serviceConfig":{"service":"projects/jobjab-app/locations/us-central1/services/createquery","timeoutSeconds":60,"environmentVariables":{"FIREBASE_CONFIG":"{\"projectId\":\"jobjab-app\",\"storageBucket\":\"jobjab-app.firebasestorage.app\"}","GCLOUD_PROJECT":"jobjab-app","EVENTARC_CLOUD_EVENT_SOURCE":"projects/jobjab-app/locations/us-central1/services/createquery","FUNCTION_SIGNATURE_TYPE":"cloudevent","FUNCTION_TARGET":"createquery","LOG_EXECUTION_ID":"true"},"ingressSettings":"ALLOW_ALL","serviceAccountEmail":"1094720738965-compute@developer.gserviceaccount.com","availableMemory":"256Mi","maxInstanceRequestConcurrency":80,"availableCpu":"1"},"eventTrigger":{"trigger":"projects/jobjab-app/locations/nam5/triggers/createquery-265037","triggerRegion":"nam5","eventType":"google.cloud.firestore.document.v1.created","eventFilters":[{"attribute":"database","value":"(default)"},{"attribute":"namespace","value":"(default)"},{"attribute":"document","value":"queries/{queryId}","operator":"match-path-pattern"}],"serviceAccountEmail":"1094720738965-compute@developer.gserviceaccount.com","retryPolicy":"RETRY_POLICY_DO_NOT_RETRY"},"labels":{"deployment-tool":"cli-firebase","firebase-functions-hash":"0cae0b3ebcce24d445e651cd8485da3e257b67b9"},"environment":"GEN_2"},"stages":[{"name":"BUILD","message":"Build in progress","state":"IN_PROGRESS","resource":"projects/1094720738965/locations/us-central1/builds/6978e1f9-505b-44f2-b1e3-63c565265653","resourceUri":"https://console.cloud.google.com/cloud-build/builds;region=us-central1/6978e1f9-505b-44f2-b1e3-63c565265653?project=1094720738965"},{"name":"SERVICE","state":"NOT_STARTED"},{"name":"TRIGGER","state":"NOT_STARTED"}],"operationType":"CREATE_FUNCTION","buildName":"projects/1094720738965/locations/us-central1/builds/6978e1f9-505b-44f2-b1e3-63c565265653"},"done":false}
[debug] [2025-11-10T01:13:56.574Z] [create-default-us-central1-createquery] Retrying task index 0
[debug] [2025-11-10T01:13:56.574Z] Checked if tokens are valid: true, expires at: 1762738155796
[debug] [2025-11-10T01:13:56.574Z] Checked if tokens are valid: true, expires at: 1762738155796
[debug] [2025-11-10T01:13:56.574Z] >>> [apiv2][query] GET https://cloudfunctions.googleapis.com/v2/projects/jobjab-app/locations/us-central1/operations/operation-1762737233682-643333ea55f18-bc73aca4-c3bf777f [none]
[debug] [2025-11-10T01:13:56.774Z] <<< [apiv2][status] GET https://cloudfunctions.googleapis.com/v2/projects/jobjab-app/locations/us-central1/operations/operation-1762737233682-643333ea55f18-bc73aca4-c3bf777f 200
[debug] [2025-11-10T01:13:56.774Z] <<< [apiv2][body] GET https://cloudfunctions.googleapis.com/v2/projects/jobjab-app/locations/us-central1/operations/operation-1762737233682-643333ea55f18-bc73aca4-c3bf777f {"name":"projects/jobjab-app/locations/us-central1/operations/operation-1762737233682-643333ea55f18-bc73aca4-c3bf777f","metadata":{"@type":"type.googleapis.com/google.cloud.functions.v2.OperationMetadata","createTime":"2025-11-10T01:13:54.652291594Z","target":"projects/jobjab-app/locations/us-central1/functions/createquery","verb":"create","cancelRequested":false,"apiVersion":"v2","requestResource":{"@type":"type.googleapis.com/google.cloud.functions.v2.Function","name":"projects/jobjab-app/locations/us-central1/functions/createquery","buildConfig":{"runtime":"nodejs22","entryPoint":"createquery","source":{"storageSource":{"bucket":"gcf-v2-sources-1094720738965-us-central1","object":"createquery/function-source.zip","generation":"1762737233914553"}},"environmentVariables":{"GOOGLE_NODE_RUN_SCRIPTS":""},"serviceAccount":"projects/jobjab-app/serviceAccounts/1094720738965-compute@developer.gserviceaccount.com","automaticUpdatePolicy":{}},"serviceConfig":{"service":"projects/jobjab-app/locations/us-central1/services/createquery","timeoutSeconds":60,"environmentVariables":{"FIREBASE_CONFIG":"{\"projectId\":\"jobjab-app\",\"storageBucket\":\"jobjab-app.firebasestorage.app\"}","GCLOUD_PROJECT":"jobjab-app","EVENTARC_CLOUD_EVENT_SOURCE":"projects/jobjab-app/locations/us-central1/services/createquery","FUNCTION_SIGNATURE_TYPE":"cloudevent","FUNCTION_TARGET":"createquery","LOG_EXECUTION_ID":"true"},"ingressSettings":"ALLOW_ALL","serviceAccountEmail":"1094720738965-compute@developer.gserviceaccount.com","availableMemory":"256Mi","maxInstanceRequestConcurrency":80,"availableCpu":"1"},"eventTrigger":{"trigger":"projects/jobjab-app/locations/nam5/triggers/createquery-265037","triggerRegion":"nam5","eventType":"google.cloud.firestore.document.v1.created","eventFilters":[{"attribute":"database","value":"(default)"},{"attribute":"namespace","value":"(default)"},{"attribute":"document","value":"queries/{queryId}","operator":"match-path-pattern"}],"serviceAccountEmail":"1094720738965-compute@developer.gserviceaccount.com","retryPolicy":"RETRY_POLICY_DO_NOT_RETRY"},"labels":{"deployment-tool":"cli-firebase","firebase-functions-hash":"0cae0b3ebcce24d445e651cd8485da3e257b67b9"},"environment":"GEN_2"},"stages":[{"name":"BUILD","message":"Build in progress","state":"IN_PROGRESS","resource":"projects/1094720738965/locations/us-central1/builds/6978e1f9-505b-44f2-b1e3-63c565265653","resourceUri":"https://console.cloud.google.com/cloud-build/builds;region=us-central1/6978e1f9-505b-44f2-b1e3-63c565265653?project=1094720738965"},{"name":"SERVICE","state":"NOT_STARTED"},{"name":"TRIGGER","state":"NOT_STARTED"}],"operationType":"CREATE_FUNCTION","buildName":"projects/1094720738965/locations/us-central1/builds/6978e1f9-505b-44f2-b1e3-63c565265653"},"done":false}
[debug] [2025-11-10T01:13:58.775Z] [create-default-us-central1-createquery] Retrying task index 0
[debug] [2025-11-10T01:13:58.776Z] Checked if tokens are valid: true, expires at: 1762738155796
[debug] [2025-11-10T01:13:58.776Z] Checked if tokens are valid: true, expires at: 1762738155796
[debug] [2025-11-10T01:13:58.776Z] >>> [apiv2][query] GET https://cloudfunctions.googleapis.com/v2/projects/jobjab-app/locations/us-central1/operations/operation-1762737233682-643333ea55f18-bc73aca4-c3bf777f [none]
[debug] [2025-11-10T01:13:58.980Z] <<< [apiv2][status] GET https://cloudfunctions.googleapis.com/v2/projects/jobjab-app/locations/us-central1/operations/operation-1762737233682-643333ea55f18-bc73aca4-c3bf777f 200
[debug] [2025-11-10T01:13:58.980Z] <<< [apiv2][body] GET https://cloudfunctions.googleapis.com/v2/projects/jobjab-app/locations/us-central1/operations/operation-1762737233682-643333ea55f18-bc73aca4-c3bf777f {"name":"projects/jobjab-app/locations/us-central1/operations/operation-1762737233682-643333ea55f18-bc73aca4-c3bf777f","metadata":{"@type":"type.googleapis.com/google.cloud.functions.v2.OperationMetadata","createTime":"2025-11-10T01:13:54.652291594Z","target":"projects/jobjab-app/locations/us-central1/functions/createquery","verb":"create","cancelRequested":false,"apiVersion":"v2","requestResource":{"@type":"type.googleapis.com/google.cloud.functions.v2.Function","name":"projects/jobjab-app/locations/us-central1/functions/createquery","buildConfig":{"runtime":"nodejs22","entryPoint":"createquery","source":{"storageSource":{"bucket":"gcf-v2-sources-1094720738965-us-central1","object":"createquery/function-source.zip","generation":"1762737233914553"}},"environmentVariables":{"GOOGLE_NODE_RUN_SCRIPTS":""},"serviceAccount":"projects/jobjab-app/serviceAccounts/1094720738965-compute@developer.gserviceaccount.com","automaticUpdatePolicy":{}},"serviceConfig":{"service":"projects/jobjab-app/locations/us-central1/services/createquery","timeoutSeconds":60,"environmentVariables":{"FIREBASE_CONFIG":"{\"projectId\":\"jobjab-app\",\"storageBucket\":\"jobjab-app.firebasestorage.app\"}","GCLOUD_PROJECT":"jobjab-app","EVENTARC_CLOUD_EVENT_SOURCE":"projects/jobjab-app/locations/us-central1/services/createquery","FUNCTION_SIGNATURE_TYPE":"cloudevent","FUNCTION_TARGET":"createquery","LOG_EXECUTION_ID":"true"},"ingressSettings":"ALLOW_ALL","serviceAccountEmail":"1094720738965-compute@developer.gserviceaccount.com","availableMemory":"256Mi","maxInstanceRequestConcurrency":80,"availableCpu":"1"},"eventTrigger":{"trigger":"projects/jobjab-app/locations/nam5/triggers/createquery-265037","triggerRegion":"nam5","eventType":"google.cloud.firestore.document.v1.created","eventFilters":[{"attribute":"database","value":"(default)"},{"attribute":"namespace","value":"(default)"},{"attribute":"document","value":"queries/{queryId}","operator":"match-path-pattern"}],"serviceAccountEmail":"1094720738965-compute@developer.gserviceaccount.com","retryPolicy":"RETRY_POLICY_DO_NOT_RETRY"},"labels":{"deployment-tool":"cli-firebase","firebase-functions-hash":"0cae0b3ebcce24d445e651cd8485da3e257b67b9"},"environment":"GEN_2"},"stages":[{"name":"BUILD","message":"Build in progress","state":"IN_PROGRESS","resource":"projects/1094720738965/locations/us-central1/builds/6978e1f9-505b-44f2-b1e3-63c565265653","resourceUri":"https://console.cloud.google.com/cloud-build/builds;region=us-central1/6978e1f9-505b-44f2-b1e3-63c565265653?project=1094720738965"},{"name":"SERVICE","state":"NOT_STARTED"},{"name":"TRIGGER","state":"NOT_STARTED"}],"operationType":"CREATE_FUNCTION","buildName":"projects/1094720738965/locations/us-central1/builds/6978e1f9-505b-44f2-b1e3-63c565265653"},"done":false}
[debug] [2025-11-10T01:14:02.981Z] [create-default-us-central1-createquery] Retrying task index 0
[debug] [2025-11-10T01:14:02.981Z] Checked if tokens are valid: true, expires at: 1762738155796
[debug] [2025-11-10T01:14:02.981Z] Checked if tokens are valid: true, expires at: 1762738155796
[debug] [2025-11-10T01:14:02.982Z] >>> [apiv2][query] GET https://cloudfunctions.googleapis.com/v2/projects/jobjab-app/locations/us-central1/operations/operation-1762737233682-643333ea55f18-bc73aca4-c3bf777f [none]
[debug] [2025-11-10T01:14:03.149Z] <<< [apiv2][status] GET https://cloudfunctions.googleapis.com/v2/projects/jobjab-app/locations/us-central1/operations/operation-1762737233682-643333ea55f18-bc73aca4-c3bf777f 200
[debug] [2025-11-10T01:14:03.149Z] <<< [apiv2][body] GET https://cloudfunctions.googleapis.com/v2/projects/jobjab-app/locations/us-central1/operations/operation-1762737233682-643333ea55f18-bc73aca4-c3bf777f {"name":"projects/jobjab-app/locations/us-central1/operations/operation-1762737233682-643333ea55f18-bc73aca4-c3bf777f","metadata":{"@type":"type.googleapis.com/google.cloud.functions.v2.OperationMetadata","createTime":"2025-11-10T01:13:54.652291594Z","target":"projects/jobjab-app/locations/us-central1/functions/createquery","verb":"create","cancelRequested":false,"apiVersion":"v2","requestResource":{"@type":"type.googleapis.com/google.cloud.functions.v2.Function","name":"projects/jobjab-app/locations/us-central1/functions/createquery","buildConfig":{"runtime":"nodejs22","entryPoint":"createquery","source":{"storageSource":{"bucket":"gcf-v2-sources-1094720738965-us-central1","object":"createquery/function-source.zip","generation":"1762737233914553"}},"environmentVariables":{"GOOGLE_NODE_RUN_SCRIPTS":""},"serviceAccount":"projects/jobjab-app/serviceAccounts/1094720738965-compute@developer.gserviceaccount.com","automaticUpdatePolicy":{}},"serviceConfig":{"service":"projects/jobjab-app/locations/us-central1/services/createquery","timeoutSeconds":60,"environmentVariables":{"FIREBASE_CONFIG":"{\"projectId\":\"jobjab-app\",\"storageBucket\":\"jobjab-app.firebasestorage.app\"}","GCLOUD_PROJECT":"jobjab-app","EVENTARC_CLOUD_EVENT_SOURCE":"projects/jobjab-app/locations/us-central1/services/createquery","FUNCTION_SIGNATURE_TYPE":"cloudevent","FUNCTION_TARGET":"createquery","LOG_EXECUTION_ID":"true"},"ingressSettings":"ALLOW_ALL","serviceAccountEmail":"1094720738965-compute@developer.gserviceaccount.com","availableMemory":"256Mi","maxInstanceRequestConcurrency":80,"availableCpu":"1"},"eventTrigger":{"trigger":"projects/jobjab-app/locations/nam5/triggers/createquery-265037","triggerRegion":"nam5","eventType":"google.cloud.firestore.document.v1.created","eventFilters":[{"attribute":"database","value":"(default)"},{"attribute":"namespace","value":"(default)"},{"attribute":"document","value":"queries/{queryId}","operator":"match-path-pattern"}],"serviceAccountEmail":"1094720738965-compute@developer.gserviceaccount.com","retryPolicy":"RETRY_POLICY_DO_NOT_RETRY"},"labels":{"deployment-tool":"cli-firebase","firebase-functions-hash":"0cae0b3ebcce24d445e651cd8485da3e257b67b9"},"environment":"GEN_2"},"stages":[{"name":"BUILD","message":"Build in progress","state":"IN_PROGRESS","resource":"projects/1094720738965/locations/us-central1/builds/6978e1f9-505b-44f2-b1e3-63c565265653","resourceUri":"https://console.cloud.google.com/cloud-build/builds;region=us-central1/6978e1f9-505b-44f2-b1e3-63c565265653?project=1094720738965"},{"name":"SERVICE","state":"NOT_STARTED"},{"name":"TRIGGER","state":"NOT_STARTED"}],"operationType":"CREATE_FUNCTION","buildName":"projects/1094720738965/locations/us-central1/builds/6978e1f9-505b-44f2-b1e3-63c565265653"},"done":false}
[debug] [2025-11-10T01:14:11.150Z] [create-default-us-central1-createquery] Retrying task index 0
[debug] [2025-11-10T01:14:11.151Z] Checked if tokens are valid: true, expires at: 1762738155796
[debug] [2025-11-10T01:14:11.151Z] Checked if tokens are valid: true, expires at: 1762738155796
[debug] [2025-11-10T01:14:11.151Z] >>> [apiv2][query] GET https://cloudfunctions.googleapis.com/v2/projects/jobjab-app/locations/us-central1/operations/operation-1762737233682-643333ea55f18-bc73aca4-c3bf777f [none]
[debug] [2025-11-10T01:14:11.294Z] <<< [apiv2][status] GET https://cloudfunctions.googleapis.com/v2/projects/jobjab-app/locations/us-central1/operations/operation-1762737233682-643333ea55f18-bc73aca4-c3bf777f 200
[debug] [2025-11-10T01:14:11.294Z] <<< [apiv2][body] GET https://cloudfunctions.googleapis.com/v2/projects/jobjab-app/locations/us-central1/operations/operation-1762737233682-643333ea55f18-bc73aca4-c3bf777f {"name":"projects/jobjab-app/locations/us-central1/operations/operation-1762737233682-643333ea55f18-bc73aca4-c3bf777f","metadata":{"@type":"type.googleapis.com/google.cloud.functions.v2.OperationMetadata","createTime":"2025-11-10T01:13:54.652291594Z","target":"projects/jobjab-app/locations/us-central1/functions/createquery","verb":"create","cancelRequested":false,"apiVersion":"v2","requestResource":{"@type":"type.googleapis.com/google.cloud.functions.v2.Function","name":"projects/jobjab-app/locations/us-central1/functions/createquery","buildConfig":{"runtime":"nodejs22","entryPoint":"createquery","source":{"storageSource":{"bucket":"gcf-v2-sources-1094720738965-us-central1","object":"createquery/function-source.zip","generation":"1762737233914553"}},"environmentVariables":{"GOOGLE_NODE_RUN_SCRIPTS":""},"serviceAccount":"projects/jobjab-app/serviceAccounts/1094720738965-compute@developer.gserviceaccount.com","automaticUpdatePolicy":{}},"serviceConfig":{"service":"projects/jobjab-app/locations/us-central1/services/createquery","timeoutSeconds":60,"environmentVariables":{"FIREBASE_CONFIG":"{\"projectId\":\"jobjab-app\",\"storageBucket\":\"jobjab-app.firebasestorage.app\"}","GCLOUD_PROJECT":"jobjab-app","EVENTARC_CLOUD_EVENT_SOURCE":"projects/jobjab-app/locations/us-central1/services/createquery","FUNCTION_SIGNATURE_TYPE":"cloudevent","FUNCTION_TARGET":"createquery","LOG_EXECUTION_ID":"true"},"ingressSettings":"ALLOW_ALL","serviceAccountEmail":"1094720738965-compute@developer.gserviceaccount.com","availableMemory":"256Mi","maxInstanceRequestConcurrency":80,"availableCpu":"1"},"eventTrigger":{"trigger":"projects/jobjab-app/locations/nam5/triggers/createquery-265037","triggerRegion":"nam5","eventType":"google.cloud.firestore.document.v1.created","eventFilters":[{"attribute":"database","value":"(default)"},{"attribute":"namespace","value":"(default)"},{"attribute":"document","value":"queries/{queryId}","operator":"match-path-pattern"}],"serviceAccountEmail":"1094720738965-compute@developer.gserviceaccount.com","retryPolicy":"RETRY_POLICY_DO_NOT_RETRY"},"labels":{"deployment-tool":"cli-firebase","firebase-functions-hash":"0cae0b3ebcce24d445e651cd8485da3e257b67b9"},"environment":"GEN_2"},"stages":[{"name":"BUILD","message":"Build in progress","state":"IN_PROGRESS","resource":"projects/1094720738965/locations/us-central1/builds/6978e1f9-505b-44f2-b1e3-63c565265653","resourceUri":"https://console.cloud.google.com/cloud-build/builds;region=us-central1/6978e1f9-505b-44f2-b1e3-63c565265653?project=1094720738965"},{"name":"SERVICE","state":"NOT_STARTED"},{"name":"TRIGGER","state":"NOT_STARTED"}],"operationType":"CREATE_FUNCTION","buildName":"projects/1094720738965/locations/us-central1/builds/6978e1f9-505b-44f2-b1e3-63c565265653"},"done":false}
[debug] [2025-11-10T01:14:21.296Z] [create-default-us-central1-createquery] Retrying task index 0
[debug] [2025-11-10T01:14:21.296Z] Checked if tokens are valid: false, expires at: 1762738155796
[debug] [2025-11-10T01:14:21.296Z] Checked if tokens are valid: false, expires at: 1762738155796
[debug] [2025-11-10T01:14:21.297Z] > refreshing access token with scopes: []
[debug] [2025-11-10T01:14:21.298Z] >>> [apiv2][query] POST https://www.googleapis.com/oauth2/v3/token [none]
[debug] [2025-11-10T01:14:21.298Z] >>> [apiv2][body] POST https://www.googleapis.com/oauth2/v3/token [omitted]
[debug] [2025-11-10T01:14:21.405Z] <<< [apiv2][status] POST https://www.googleapis.com/oauth2/v3/token 200
[debug] [2025-11-10T01:14:21.405Z] <<< [apiv2][body] POST https://www.googleapis.com/oauth2/v3/token [omitted]
[debug] [2025-11-10T01:14:21.428Z] >>> [apiv2][query] GET https://cloudfunctions.googleapis.com/v2/projects/jobjab-app/locations/us-central1/operations/operation-1762737233682-643333ea55f18-bc73aca4-c3bf777f [none]
[debug] [2025-11-10T01:14:21.700Z] <<< [apiv2][status] GET https://cloudfunctions.googleapis.com/v2/projects/jobjab-app/locations/us-central1/operations/operation-1762737233682-643333ea55f18-bc73aca4-c3bf777f 200
[debug] [2025-11-10T01:14:21.700Z] <<< [apiv2][body] GET https://cloudfunctions.googleapis.com/v2/projects/jobjab-app/locations/us-central1/operations/operation-1762737233682-643333ea55f18-bc73aca4-c3bf777f {"name":"projects/jobjab-app/locations/us-central1/operations/operation-1762737233682-643333ea55f18-bc73aca4-c3bf777f","metadata":{"@type":"type.googleapis.com/google.cloud.functions.v2.OperationMetadata","createTime":"2025-11-10T01:13:54.652291594Z","target":"projects/jobjab-app/locations/us-central1/functions/createquery","verb":"create","cancelRequested":false,"apiVersion":"v2","requestResource":{"@type":"type.googleapis.com/google.cloud.functions.v2.Function","name":"projects/jobjab-app/locations/us-central1/functions/createquery","buildConfig":{"runtime":"nodejs22","entryPoint":"createquery","source":{"storageSource":{"bucket":"gcf-v2-sources-1094720738965-us-central1","object":"createquery/function-source.zip","generation":"1762737233914553"}},"environmentVariables":{"GOOGLE_NODE_RUN_SCRIPTS":""},"serviceAccount":"projects/jobjab-app/serviceAccounts/1094720738965-compute@developer.gserviceaccount.com","automaticUpdatePolicy":{}},"serviceConfig":{"service":"projects/jobjab-app/locations/us-central1/services/createquery","timeoutSeconds":60,"environmentVariables":{"FIREBASE_CONFIG":"{\"projectId\":\"jobjab-app\",\"storageBucket\":\"jobjab-app.firebasestorage.app\"}","GCLOUD_PROJECT":"jobjab-app","EVENTARC_CLOUD_EVENT_SOURCE":"projects/jobjab-app/locations/us-central1/services/createquery","FUNCTION_SIGNATURE_TYPE":"cloudevent","FUNCTION_TARGET":"createquery","LOG_EXECUTION_ID":"true"},"ingressSettings":"ALLOW_ALL","serviceAccountEmail":"1094720738965-compute@developer.gserviceaccount.com","availableMemory":"256Mi","maxInstanceRequestConcurrency":80,"availableCpu":"1"},"eventTrigger":{"trigger":"projects/jobjab-app/locations/nam5/triggers/createquery-265037","triggerRegion":"nam5","eventType":"google.cloud.firestore.document.v1.created","eventFilters":[{"attribute":"database","value":"(default)"},{"attribute":"namespace","value":"(default)"},{"attribute":"document","value":"queries/{queryId}","operator":"match-path-pattern"}],"serviceAccountEmail":"1094720738965-compute@developer.gserviceaccount.com","retryPolicy":"RETRY_POLICY_DO_NOT_RETRY"},"labels":{"deployment-tool":"cli-firebase","firebase-functions-hash":"0cae0b3ebcce24d445e651cd8485da3e257b67b9"},"environment":"GEN_2"},"stages":[{"name":"BUILD","message":"Build in progress","state":"IN_PROGRESS","resource":"projects/1094720738965/locations/us-central1/builds/6978e1f9-505b-44f2-b1e3-63c565265653","resourceUri":"https://console.cloud.google.com/cloud-build/builds;region=us-central1/6978e1f9-505b-44f2-b1e3-63c565265653?project=1094720738965"},{"name":"SERVICE","state":"NOT_STARTED"},{"name":"TRIGGER","state":"NOT_STARTED"}],"operationType":"CREATE_FUNCTION","buildName":"projects/1094720738965/locations/us-central1/builds/6978e1f9-505b-44f2-b1e3-63c565265653"},"done":false}
[debug] [2025-11-10T01:14:31.702Z] [create-default-us-central1-createquery] Retrying task index 0
[debug] [2025-11-10T01:14:31.702Z] Checked if tokens are valid: true, expires at: 1762740860405
[debug] [2025-11-10T01:14:31.702Z] Checked if tokens are valid: true, expires at: 1762740860405
[debug] [2025-11-10T01:14:31.702Z] >>> [apiv2][query] GET https://cloudfunctions.googleapis.com/v2/projects/jobjab-app/locations/us-central1/operations/operation-1762737233682-643333ea55f18-bc73aca4-c3bf777f [none]
[debug] [2025-11-10T01:14:31.942Z] <<< [apiv2][status] GET https://cloudfunctions.googleapis.com/v2/projects/jobjab-app/locations/us-central1/operations/operation-1762737233682-643333ea55f18-bc73aca4-c3bf777f 200
[debug] [2025-11-10T01:14:31.943Z] <<< [apiv2][body] GET https://cloudfunctions.googleapis.com/v2/projects/jobjab-app/locations/us-central1/operations/operation-1762737233682-643333ea55f18-bc73aca4-c3bf777f {"name":"projects/jobjab-app/locations/us-central1/operations/operation-1762737233682-643333ea55f18-bc73aca4-c3bf777f","metadata":{"@type":"type.googleapis.com/google.cloud.functions.v2.OperationMetadata","createTime":"2025-11-10T01:13:54.652291594Z","target":"projects/jobjab-app/locations/us-central1/functions/createquery","verb":"create","cancelRequested":false,"apiVersion":"v2","requestResource":{"@type":"type.googleapis.com/google.cloud.functions.v2.Function","name":"projects/jobjab-app/locations/us-central1/functions/createquery","buildConfig":{"runtime":"nodejs22","entryPoint":"createquery","source":{"storageSource":{"bucket":"gcf-v2-sources-1094720738965-us-central1","object":"createquery/function-source.zip","generation":"1762737233914553"}},"environmentVariables":{"GOOGLE_NODE_RUN_SCRIPTS":""},"serviceAccount":"projects/jobjab-app/serviceAccounts/1094720738965-compute@developer.gserviceaccount.com","automaticUpdatePolicy":{}},"serviceConfig":{"service":"projects/jobjab-app/locations/us-central1/services/createquery","timeoutSeconds":60,"environmentVariables":{"FIREBASE_CONFIG":"{\"projectId\":\"jobjab-app\",\"storageBucket\":\"jobjab-app.firebasestorage.app\"}","GCLOUD_PROJECT":"jobjab-app","EVENTARC_CLOUD_EVENT_SOURCE":"projects/jobjab-app/locations/us-central1/services/createquery","FUNCTION_SIGNATURE_TYPE":"cloudevent","FUNCTION_TARGET":"createquery","LOG_EXECUTION_ID":"true"},"ingressSettings":"ALLOW_ALL","serviceAccountEmail":"1094720738965-compute@developer.gserviceaccount.com","availableMemory":"256Mi","maxInstanceRequestConcurrency":80,"availableCpu":"1"},"eventTrigger":{"trigger":"projects/jobjab-app/locations/nam5/triggers/createquery-265037","triggerRegion":"nam5","eventType":"google.cloud.firestore.document.v1.created","eventFilters":[{"attribute":"database","value":"(default)"},{"attribute":"namespace","value":"(default)"},{"attribute":"document","value":"queries/{queryId}","operator":"match-path-pattern"}],"serviceAccountEmail":"1094720738965-compute@developer.gserviceaccount.com","retryPolicy":"RETRY_POLICY_DO_NOT_RETRY"},"labels":{"deployment-tool":"cli-firebase","firebase-functions-hash":"0cae0b3ebcce24d445e651cd8485da3e257b67b9"},"environment":"GEN_2"},"stages":[{"name":"BUILD","message":"Build in progress","state":"IN_PROGRESS","resource":"projects/1094720738965/locations/us-central1/builds/6978e1f9-505b-44f2-b1e3-63c565265653","resourceUri":"https://console.cloud.google.com/cloud-build/builds;region=us-central1/6978e1f9-505b-44f2-b1e3-63c565265653?project=1094720738965"},{"name":"SERVICE","state":"NOT_STARTED"},{"name":"TRIGGER","state":"NOT_STARTED"}],"operationType":"CREATE_FUNCTION","buildName":"projects/1094720738965/locations/us-central1/builds/6978e1f9-505b-44f2-b1e3-63c565265653"},"done":false}
[debug] [2025-11-10T01:14:41.944Z] [create-default-us-central1-createquery] Retrying task index 0
[debug] [2025-11-10T01:14:41.945Z] Checked if tokens are valid: true, expires at: 1762740860405
[debug] [2025-11-10T01:14:41.945Z] Checked if tokens are valid: true, expires at: 1762740860405
[debug] [2025-11-10T01:14:41.945Z] >>> [apiv2][query] GET https://cloudfunctions.googleapis.com/v2/projects/jobjab-app/locations/us-central1/operations/operation-1762737233682-643333ea55f18-bc73aca4-c3bf777f [none]
[debug] [2025-11-10T01:14:42.215Z] <<< [apiv2][status] GET https://cloudfunctions.googleapis.com/v2/projects/jobjab-app/locations/us-central1/operations/operation-1762737233682-643333ea55f18-bc73aca4-c3bf777f 200
[debug] [2025-11-10T01:14:42.216Z] <<< [apiv2][body] GET https://cloudfunctions.googleapis.com/v2/projects/jobjab-app/locations/us-central1/operations/operation-1762737233682-643333ea55f18-bc73aca4-c3bf777f {"name":"projects/jobjab-app/locations/us-central1/operations/operation-1762737233682-643333ea55f18-bc73aca4-c3bf777f","metadata":{"@type":"type.googleapis.com/google.cloud.functions.v2.OperationMetadata","createTime":"2025-11-10T01:13:54.652291594Z","target":"projects/jobjab-app/locations/us-central1/functions/createquery","verb":"create","cancelRequested":false,"apiVersion":"v2","requestResource":{"@type":"type.googleapis.com/google.cloud.functions.v2.Function","name":"projects/jobjab-app/locations/us-central1/functions/createquery","buildConfig":{"runtime":"nodejs22","entryPoint":"createquery","source":{"storageSource":{"bucket":"gcf-v2-sources-1094720738965-us-central1","object":"createquery/function-source.zip","generation":"1762737233914553"}},"environmentVariables":{"GOOGLE_NODE_RUN_SCRIPTS":""},"serviceAccount":"projects/jobjab-app/serviceAccounts/1094720738965-compute@developer.gserviceaccount.com","automaticUpdatePolicy":{}},"serviceConfig":{"service":"projects/jobjab-app/locations/us-central1/services/createquery","timeoutSeconds":60,"environmentVariables":{"FIREBASE_CONFIG":"{\"projectId\":\"jobjab-app\",\"storageBucket\":\"jobjab-app.firebasestorage.app\"}","GCLOUD_PROJECT":"jobjab-app","EVENTARC_CLOUD_EVENT_SOURCE":"projects/jobjab-app/locations/us-central1/services/createquery","FUNCTION_SIGNATURE_TYPE":"cloudevent","FUNCTION_TARGET":"createquery","LOG_EXECUTION_ID":"true"},"ingressSettings":"ALLOW_ALL","serviceAccountEmail":"1094720738965-compute@developer.gserviceaccount.com","availableMemory":"256Mi","maxInstanceRequestConcurrency":80,"availableCpu":"1"},"eventTrigger":{"trigger":"projects/jobjab-app/locations/nam5/triggers/createquery-265037","triggerRegion":"nam5","eventType":"google.cloud.firestore.document.v1.created","eventFilters":[{"attribute":"database","value":"(default)"},{"attribute":"namespace","value":"(default)"},{"attribute":"document","value":"queries/{queryId}","operator":"match-path-pattern"}],"serviceAccountEmail":"1094720738965-compute@developer.gserviceaccount.com","retryPolicy":"RETRY_POLICY_DO_NOT_RETRY"},"labels":{"deployment-tool":"cli-firebase","firebase-functions-hash":"0cae0b3ebcce24d445e651cd8485da3e257b67b9"},"environment":"GEN_2"},"stages":[{"name":"BUILD","message":"Build in progress","state":"IN_PROGRESS","resource":"projects/1094720738965/locations/us-central1/builds/6978e1f9-505b-44f2-b1e3-63c565265653","resourceUri":"https://console.cloud.google.com/cloud-build/builds;region=us-central1/6978e1f9-505b-44f2-b1e3-63c565265653?project=1094720738965"},{"name":"SERVICE","state":"NOT_STARTED"},{"name":"TRIGGER","state":"NOT_STARTED"}],"operationType":"CREATE_FUNCTION","buildName":"projects/1094720738965/locations/us-central1/builds/6978e1f9-505b-44f2-b1e3-63c565265653"},"done":false}
[debug] [2025-11-10T01:14:52.217Z] [create-default-us-central1-createquery] Retrying task index 0
[debug] [2025-11-10T01:14:52.218Z] Checked if tokens are valid: true, expires at: 1762740860405
[debug] [2025-11-10T01:14:52.218Z] Checked if tokens are valid: true, expires at: 1762740860405
[debug] [2025-11-10T01:14:52.218Z] >>> [apiv2][query] GET https://cloudfunctions.googleapis.com/v2/projects/jobjab-app/locations/us-central1/operations/operation-1762737233682-643333ea55f18-bc73aca4-c3bf777f [none]
[debug] [2025-11-10T01:14:52.465Z] <<< [apiv2][status] GET https://cloudfunctions.googleapis.com/v2/projects/jobjab-app/locations/us-central1/operations/operation-1762737233682-643333ea55f18-bc73aca4-c3bf777f 200
[debug] [2025-11-10T01:14:52.465Z] <<< [apiv2][body] GET https://cloudfunctions.googleapis.com/v2/projects/jobjab-app/locations/us-central1/operations/operation-1762737233682-643333ea55f18-bc73aca4-c3bf777f {"name":"projects/jobjab-app/locations/us-central1/operations/operation-1762737233682-643333ea55f18-bc73aca4-c3bf777f","metadata":{"@type":"type.googleapis.com/google.cloud.functions.v2.OperationMetadata","createTime":"2025-11-10T01:13:54.652291594Z","target":"projects/jobjab-app/locations/us-central1/functions/createquery","verb":"create","cancelRequested":false,"apiVersion":"v2","requestResource":{"@type":"type.googleapis.com/google.cloud.functions.v2.Function","name":"projects/jobjab-app/locations/us-central1/functions/createquery","buildConfig":{"runtime":"nodejs22","entryPoint":"createquery","source":{"storageSource":{"bucket":"gcf-v2-sources-1094720738965-us-central1","object":"createquery/function-source.zip","generation":"1762737233914553"}},"environmentVariables":{"GOOGLE_NODE_RUN_SCRIPTS":""},"serviceAccount":"projects/jobjab-app/serviceAccounts/1094720738965-compute@developer.gserviceaccount.com","automaticUpdatePolicy":{}},"serviceConfig":{"service":"projects/jobjab-app/locations/us-central1/services/createquery","timeoutSeconds":60,"environmentVariables":{"FIREBASE_CONFIG":"{\"projectId\":\"jobjab-app\",\"storageBucket\":\"jobjab-app.firebasestorage.app\"}","GCLOUD_PROJECT":"jobjab-app","EVENTARC_CLOUD_EVENT_SOURCE":"projects/jobjab-app/locations/us-central1/services/createquery","FUNCTION_SIGNATURE_TYPE":"cloudevent","FUNCTION_TARGET":"createquery","LOG_EXECUTION_ID":"true"},"ingressSettings":"ALLOW_ALL","serviceAccountEmail":"1094720738965-compute@developer.gserviceaccount.com","availableMemory":"256Mi","maxInstanceRequestConcurrency":80,"availableCpu":"1"},"eventTrigger":{"trigger":"projects/jobjab-app/locations/nam5/triggers/createquery-265037","triggerRegion":"nam5","eventType":"google.cloud.firestore.document.v1.created","eventFilters":[{"attribute":"database","value":"(default)"},{"attribute":"namespace","value":"(default)"},{"attribute":"document","value":"queries/{queryId}","operator":"match-path-pattern"}],"serviceAccountEmail":"1094720738965-compute@developer.gserviceaccount.com","retryPolicy":"RETRY_POLICY_DO_NOT_RETRY"},"labels":{"deployment-tool":"cli-firebase","firebase-functions-hash":"0cae0b3ebcce24d445e651cd8485da3e257b67b9"},"environment":"GEN_2"},"stages":[{"name":"BUILD","message":"Build in progress","state":"IN_PROGRESS","resource":"projects/1094720738965/locations/us-central1/builds/6978e1f9-505b-44f2-b1e3-63c565265653","resourceUri":"https://console.cloud.google.com/cloud-build/builds;region=us-central1/6978e1f9-505b-44f2-b1e3-63c565265653?project=1094720738965"},{"name":"SERVICE","state":"NOT_STARTED"},{"name":"TRIGGER","state":"NOT_STARTED"}],"operationType":"CREATE_FUNCTION","buildName":"projects/1094720738965/locations/us-central1/builds/6978e1f9-505b-44f2-b1e3-63c565265653"},"done":false}
[debug] [2025-11-10T01:15:02.466Z] [create-default-us-central1-createquery] Retrying task index 0
[debug] [2025-11-10T01:15:02.466Z] Checked if tokens are valid: true, expires at: 1762740860405
[debug] [2025-11-10T01:15:02.466Z] Checked if tokens are valid: true, expires at: 1762740860405
[debug] [2025-11-10T01:15:02.467Z] >>> [apiv2][query] GET https://cloudfunctions.googleapis.com/v2/projects/jobjab-app/locations/us-central1/operations/operation-1762737233682-643333ea55f18-bc73aca4-c3bf777f [none]
[debug] [2025-11-10T01:15:02.704Z] <<< [apiv2][status] GET https://cloudfunctions.googleapis.com/v2/projects/jobjab-app/locations/us-central1/operations/operation-1762737233682-643333ea55f18-bc73aca4-c3bf777f 200
[debug] [2025-11-10T01:15:02.705Z] <<< [apiv2][body] GET https://cloudfunctions.googleapis.com/v2/projects/jobjab-app/locations/us-central1/operations/operation-1762737233682-643333ea55f18-bc73aca4-c3bf777f {"name":"projects/jobjab-app/locations/us-central1/operations/operation-1762737233682-643333ea55f18-bc73aca4-c3bf777f","metadata":{"@type":"type.googleapis.com/google.cloud.functions.v2.OperationMetadata","createTime":"2025-11-10T01:13:54.652291594Z","endTime":"2025-11-10T01:14:56.060582486Z","target":"projects/jobjab-app/locations/us-central1/functions/createquery","verb":"create","cancelRequested":false,"apiVersion":"v2","requestResource":{"@type":"type.googleapis.com/google.cloud.functions.v2.Function","name":"projects/jobjab-app/locations/us-central1/functions/createquery","buildConfig":{"runtime":"nodejs22","entryPoint":"createquery","source":{"storageSource":{"bucket":"gcf-v2-sources-1094720738965-us-central1","object":"createquery/function-source.zip","generation":"1762737233914553"}},"environmentVariables":{"GOOGLE_NODE_RUN_SCRIPTS":""},"serviceAccount":"projects/jobjab-app/serviceAccounts/1094720738965-compute@developer.gserviceaccount.com","automaticUpdatePolicy":{}},"serviceConfig":{"service":"projects/jobjab-app/locations/us-central1/services/createquery","timeoutSeconds":60,"environmentVariables":{"FIREBASE_CONFIG":"{\"projectId\":\"jobjab-app\",\"storageBucket\":\"jobjab-app.firebasestorage.app\"}","GCLOUD_PROJECT":"jobjab-app","EVENTARC_CLOUD_EVENT_SOURCE":"projects/jobjab-app/locations/us-central1/services/createquery","FUNCTION_SIGNATURE_TYPE":"cloudevent","FUNCTION_TARGET":"createquery","LOG_EXECUTION_ID":"true"},"ingressSettings":"ALLOW_ALL","serviceAccountEmail":"1094720738965-compute@developer.gserviceaccount.com","availableMemory":"256Mi","maxInstanceRequestConcurrency":80,"availableCpu":"1"},"eventTrigger":{"trigger":"projects/jobjab-app/locations/nam5/triggers/createquery-265037","triggerRegion":"nam5","eventType":"google.cloud.firestore.document.v1.created","eventFilters":[{"attribute":"database","value":"(default)"},{"attribute":"namespace","value":"(default)"},{"attribute":"document","value":"queries/{queryId}","operator":"match-path-pattern"}],"serviceAccountEmail":"1094720738965-compute@developer.gserviceaccount.com","retryPolicy":"RETRY_POLICY_DO_NOT_RETRY"},"labels":{"deployment-tool":"cli-firebase","firebase-functions-hash":"0cae0b3ebcce24d445e651cd8485da3e257b67b9"},"environment":"GEN_2"},"stages":[{"name":"ARTIFACT_REGISTRY","message":"Deleting function artifacts in Artifact Registry","state":"COMPLETE"},{"name":"SERVICE","message":"Deleting Cloud Run service","state":"COMPLETE","resource":"projects/jobjab-app/locations/us-central1/services/createquery"},{"name":"TRIGGER","message":"Deleting Eventarc trigger","state":"COMPLETE","resource":"projects/jobjab-app/locations/nam5/triggers/createquery-265037"}],"operationType":"CREATE_FUNCTION"},"done":true,"error":{"code":3,"message":"Build failed with status: FAILURE and message: npm error code EUSAGE\nnpm error\nnpm error `npm ci` can only install packages when your package.json and package-lock.json or npm-shrinkwrap.json are in sync. Please update your lock file with `npm install` before continuing.\nnpm error\nnpm error Missing: jest@30.2.0 from lock file\nnpm error Missing: @jest/core@30.2.0 from lock file\nnpm error Missing: @jest/types@30.2.0 from lock file\nnpm error Missing: import-local@3.2.0 from lock file\nnpm error Missing: jest-cli@30.2.0 from lock file\nnpm error Missing: @jest/console@30.2.0 from lock file\nnpm error Missing: @jest/pattern@30.0.1 from lock file\nnpm error Missing: @jest/reporters@30.2.0 from lock file\nnpm error Missing: @jest/test-result@30.2.0 from lock file\nnpm error Missing: @jest/transform@30.2.0 from lock file\nnpm error Missing: ansi-escapes@4.3.2 from lock file\nnpm error Missing: chalk@4.1.2 from lock file\nnpm error Missing: ci-info@4.3.1 from lock file\nnpm error Missing: exit-x@0.2.2 from lock file\nnpm error Missing: graceful-fs@4.2.11 from lock file\nnpm error Missing: jest-changed-files@30.2.0 from lock file\nnpm error Missing: jest-config@30.2.0 from lock file\nnpm error Missing: jest-haste-map@30.2.0 from lock file\nnpm error Missing: jest-message-util@30.2.0 from lock file\nnpm error Missing: jest-regex-util@30.0.1 from lock file\nnpm error Missing: jest-resolve@30.2.0 from lock file\nnpm error Missing: jest-resolve-dependencies@30.2.0 from lock file\nnpm error Missing: jest-runner@30.2.0 from lock file\nnpm error Missing: jest-runtime@30.2.0 from lock file\nnpm error Missing: jest-snapshot@30.2.0 from lock file\nnpm error Missing: jest-util@30.2.0 from lock file\nnpm error Missing: jest-validate@30.2.0 from lock file\nnpm error Missing: jest-watcher@30.2.0 from lock file\nnpm error Missing: micromatch@4.0.8 from lock file\nnpm error Missing: pretty-format@30.2.0 from lock file\nnpm error Missing: slash@3.0.0 from lock file\nnpm error Missing: @bcoe/v8-coverage@0.2.3 from lock file\nnpm error Missing: @jridgewell/trace-mapping@0.3.31 from lock file\nnpm error Missing: collect-v8-coverage@1.0.3 from lock file\nnpm error Missing: glob@10.4.5 from lock file\nnpm error Missing: istanbul-lib-coverage@3.2.2 from lock file\nnpm error Missing: istanbul-lib-instrument@6.0.3 from lock file\nnpm error Missing: istanbul-lib-report@3.0.1 from lock file\nnpm error Missing: istanbul-lib-source-maps@5.0.6 from lock file\nnpm error Missing: istanbul-reports@3.2.0 from lock file\nnpm error Missing: jest-worker@30.2.0 from lock file\nnpm error Missing: string-length@4.0.2 from lock file\nnpm error Missing: v8-to-istanbul@9.3.0 from lock file\nnpm error Missing: @types/istanbul-lib-coverage@2.0.6 from lock file\nnpm error Missing: @babel/core@7.28.5 from lock file\nnpm error Missing: babel-plugin-istanbul@7.0.1 from lock file\nnpm error Missing: convert-source-map@2.0.0 from lock file\nnpm error Missing: fast-json-stable-stringify@2.1.0 from lock file\nnpm error Missing: pirates@4.0.7 from lock file\nnpm error Missing: write-file-atomic@5.0.1 from lock file\nnpm error Missing: @babel/code-frame@7.27.1 from lock file\nnpm error Missing: @babel/generator@7.28.5 from lock file\nnpm error Missing: @babel/helper-compilation-targets@7.27.2 from lock file\nnpm error Missing: @babel/helper-module-transforms@7.28.3 from lock file\nnpm error Missing: @babel/helpers@7.28.4 from lock file\nnpm error Missing: @babel/parser@7.28.5 from lock file\nnpm error Missing: @babel/template@7.27.2 from lock file\nnpm error Missing: @babel/traverse@7.28.5 from lock file\nnpm error Missing: @babel/types@7.28.5 from lock file\nnpm error Missing: @jridgewell/remapping@2.3.5 from lock file\nnpm error Missing: debug@4.4.3 from lock file\nnpm error Missing: gensync@1.0.0-beta.2 from lock file\nnpm error Missing: json5@2.2.3 from lock file\nnpm error Missing: semver@6.3.1 from lock file\nnpm error Missing: @babel/helper-validator-identifier@7.28.5 from lock file\nnpm error Missing: js-tokens@4.0.0 from lock file\nnpm error Missing: picocolors@1.1.1 from lock file\nnpm error Missing: @jridgewell/gen-mapping@0.3.13 from lock file\nnpm error Missing: jsesc@3.1.0 from lock file\nnpm error Missing: @babel/compat-data@7.28.5 from lock file\nnpm error Missing: @babel/helper-validator-option@7.27.1 from lock file\nnpm error Missing: browserslist@4.27.0 from lock file\nnpm error Missing: lru-cache@5.1.1 from lock file\nnpm error Missing: semver@6.3.1 from lock file\nnpm error Missing: @babel/helper-module-imports@7.27.1 from lock file\nnpm error Missing: @babel/helper-globals@7.28.0 from lock file\nnpm error Missing: debug@4.4.3 from lock file\nnpm error Missing: @babel/helper-string-parser@7.27.1 from lock file\nnpm error Missing: @jest/schemas@30.0.5 from lock file\nnpm error Missing: @types/istanbul-reports@3.0.4 from lock file\nnpm error Missing: @types/yargs@17.0.34 from lock file\nnpm error Missing: @sinclair/typebox@0.34.41 from lock file\nnpm error Missing: @jridgewell/sourcemap-codec@1.5.5 from lock file\nnpm error Missing: @jridgewell/resolve-uri@3.1.2 from lock file\nnpm error Missing: @types/istanbul-lib-report@3.0.3 from lock file\nnpm error Missing: @types/yargs-parser@21.0.3 from lock file\nnpm error Missing: type-fest@0.21.3 from lock file\nnpm error Missing: @babel/helper-plugin-utils@7.27.1 from lock file\nnpm error Missing: @istanbuljs/load-nyc-config@1.1.0 from lock file\nnpm error Missing: @istanbuljs/schema@0.1.3 from lock file\nnpm error Missing: test-exclude@6.0.0 from lock file\nnpm error Missing: camelcase@5.3.1 from lock file\nnpm error Missing: find-up@4.1.0 from lock file\nnpm error Missing: get-package-type@0.1.0 from lock file\nnpm error Missing: js-yaml@3.14.1 from lock file\nnpm error Missing: resolve-from@5.0.0 from lock file\nnpm error Missing: baseline-browser-mapping@2.8.25 from lock file\nnpm error Missing: caniuse-lite@1.0.30001754 from lock file\nnpm error Missing: electron-to-chromium@1.5.249 from lock file\nnpm error Missing: node-releases@2.0.27 from lock file\nnpm error Missing: update-browserslist-db@1.1.4 from lock file\nnpm error Missing: supports-color@7.2.0 from lock file\nnpm error Missing: locate-path@5.0.0 from lock file\nnpm error Missing: path-exists@4.0.0 from lock file\nnpm error Missing: foreground-child@3.3.1 from lock file\nnpm error Missing: jackspeak@3.4.3 from lock file\nnpm error Missing: minimatch@9.0.5 from lock file\nnpm error Missing: minipass@7.1.2 from lock file\nnpm error Missing: package-json-from-dist@1.0.1 from lock file\nnpm error Missing: path-scurry@1.11.1 from lock file\nnpm error Missing: cross-spawn@7.0.6 from lock file\nnpm error Missing: signal-exit@4.1.0 from lock file\nnpm error Missing: path-key@3.1.1 from lock file\nnpm error Missing: shebang-command@2.0.0 from lock file\nnpm error Missing: which@2.0.2 from lock file\nnpm error Missing: pkg-dir@4.2.0 from lock file\nnpm error Missing: resolve-cwd@3.0.0 from lock file\nnpm error Missing: make-dir@4.0.0 from lock file\nnpm error Missing: debug@4.4.3 from lock file\nnpm error Missing: html-escaper@2.0.2 from lock file\nnpm error Missing: @isaacs/cliui@8.0.2 from lock file\nnpm error Missing: @pkgjs/parseargs@0.11.0 from lock file\nnpm error Missing: string-width@5.1.2 from lock file\nnpm error Missing: string-width-cjs@4.2.3 from lock file\nnpm error Missing: strip-ansi@7.1.2 from lock file\nnpm error Missing: strip-ansi-cjs@6.0.1 from lock file\nnpm error Missing: wrap-ansi@8.1.0 from lock file\nnpm error Missing: wrap-ansi-cjs@7.0.0 from lock file\nnpm error Missing: execa@5.1.1 from lock file\nnpm error Missing: get-stream@6.0.1 from lock file\nnpm error Missing: human-signals@2.1.0 from lock file\nnpm error Missing: merge-stream@2.0.0 from lock file\nnpm error Missing: npm-run-path@4.0.1 from lock file\nnpm error Missing: onetime@5.1.2 from lock file\nnpm error Missing: signal-exit@3.0.7 from lock file\nnpm error Missing: strip-final-newline@2.0.0 from lock file\nnpm error Missing: @jest/get-type@30.1.0 from lock file\nnpm error Missing: @jest/test-sequencer@30.2.0 from lock file\nnpm error Missing: babel-jest@30.2.0 from lock file\nnpm error Missing: deepmerge@4.3.1 from lock file\nnpm error Missing: jest-circus@30.2.0 from lock file\nnpm error Missing: jest-docblock@30.2.0 from lock file\nnpm error Missing: jest-environment-node@30.2.0 from lock file\nnpm error Missing: parse-json@5.2.0 from lock file\nnpm error Missing: strip-json-comments@3.1.1 from lock file\nnpm error Missing: @types/babel__core@7.20.5 from lock file\nnpm error Missing: babel-preset-jest@30.2.0 from lock file\nnpm error Missing: @types/babel__generator@7.27.0 from lock file\nnpm error Missing: @types/babel__template@7.4.4 from lock file\nnpm error Missing: @types/babel__traverse@7.28.0 from lock file\nnpm error Missing: babel-plugin-jest-hoist@30.2.0 from lock file\nnpm error Missing: babel-preset-current-node-syntax@1.2.0 from lock file\nnpm error Missing: @babel/plugin-syntax-async-generators@7.8.4 from lock file\nnpm error Missing: @babel/plugin-syntax-bigint@7.8.3 from lock file\nnpm error Missing: @babel/plugin-syntax-class-properties@7.12.13 from lock file\nnpm error Missing: @babel/plugin-syntax-class-static-block@7.14.5 from lock file\nnpm error Missing: @babel/plugin-syntax-import-attributes@7.27.1 from lock file\nnpm error Missing: @babel/plugin-syntax-import-meta@7.10.4 from lock file\nnpm error Missing: @babel/plugin-syntax-json-strings@7.8.3 from lock file\nnpm error Missing: @babel/plugin-syntax-logical-assignment-operators@7.10.4 from lock file\nnpm error Missing: @babel/plugin-syntax-nullish-coalescing-operator@7.8.3 from lock file\nnpm error Missing: @babel/plugin-syntax-numeric-separator@7.10.4 from lock file\nnpm error Missing: @babel/plugin-syntax-object-rest-spread@7.8.3 from lock file\nnpm error Missing: @babel/plugin-syntax-optional-catch-binding@7.8.3 from lock file\nnpm error Missing: @babel/plugin-syntax-optional-chaining@7.8.3 from lock file\nnpm error Missing: @babel/plugin-syntax-private-property-in-object@7.14.5 from lock file\nnpm error Missing: @babel/plugin-syntax-top-level-await@7.14.5 from lock file\nnpm error Missing: @jest/environment@30.2.0 from lock file\nnpm error Missing: @jest/expect@30.2.0 from lock file\nnpm error Missing: co@4.6.0 from lock file\nnpm error Missing: dedent@1.7.0 from lock file\nnpm error Missing: is-generator-fn@2.1.0 from lock file\nnpm error Missing: jest-each@30.2.0 from lock file\nnpm error Missing: jest-matcher-utils@30.2.0 from lock file\nnpm error Missing: pure-rand@7.0.1 from lock file\nnpm error Missing: stack-utils@2.0.6 from lock file\nnpm error Missing: @jest/fake-timers@30.2.0 from lock file\nnpm error Missing: jest-mock@30.2.0 from lock file\nnpm error Missing: expect@30.2.0 from lock file\nnpm error Missing: @sinonjs/fake-timers@13.0.5 from lock file\nnpm error Missing: @sinonjs/commons@3.0.1 from lock file\nnpm error Missing: type-detect@4.0.8 from lock file\nnpm error Missing: @jest/expect-utils@30.2.0 from lock file\nnpm error Missing: detect-newline@3.1.0 from lock file\nnpm error Missing: anymatch@3.1.3 from lock file\nnpm error Missing: fb-watchman@2.0.2 from lock file\nnpm error Missing: fsevents@2.3.3 from lock file\nnpm error Missing: walker@1.0.8 from lock file\nnpm error Missing: normalize-path@3.0.0 from lock file\nnpm error Missing: picomatch@2.3.1 from lock file\nnpm error Missing: bser@2.1.1 from lock file\nnpm error Missing: node-int64@0.4.0 from lock file\nnpm error Missing: jest-diff@30.2.0 from lock file\nnpm error Missing: @jest/diff-sequences@30.0.1 from lock file\nnpm error Missing: @types/stack-utils@2.0.3 from lock file\nnpm error Missing: jest-pnp-resolver@1.2.3 from lock file\nnpm error Missing: unrs-resolver@1.11.1 from lock file\nnpm error Missing: emittery@0.13.1 from lock file\nnpm error Missing: jest-leak-detector@30.2.0 from lock file\nnpm error Missing: source-map-support@0.5.13 from lock file\nnpm error Missing: @jest/globals@30.2.0 from lock file\nnpm error Missing: @jest/source-map@30.0.1 from lock file\nnpm error Missing: cjs-module-lexer@2.1.1 from lock file\nnpm error Missing: strip-bom@4.0.0 from lock file\nnpm error Missing: callsites@3.1.0 from lock file\nnpm error Missing: @babel/plugin-syntax-jsx@7.27.1 from lock file\nnpm error Missing: @babel/plugin-syntax-typescript@7.27.1 from lock file\nnpm error Missing: @jest/snapshot-utils@30.2.0 from lock file\nnpm error Missing: synckit@0.11.11 from lock file\nnpm error Missing: natural-compare@1.4.0 from lock file\nnpm error Missing: picomatch@4.0.3 from lock file\nnpm error Missing: camelcase@6.3.0 from lock file\nnpm error Missing: leven@3.1.0 from lock file\nnpm error Missing: @ungap/structured-clone@1.3.0 from lock file\nnpm error Missing: supports-color@8.1.1 from lock file\nnpm error Missing: argparse@1.0.10 from lock file\nnpm error Missing: esprima@4.0.1 from lock file\nnpm error Missing: sprintf-js@1.0.3 from lock file\nnpm error Missing: p-locate@4.1.0 from lock file\nnpm error Missing: braces@3.0.3 from lock file\nnpm error Missing: fill-range@7.1.1 from lock file\nnpm error Missing: to-regex-range@5.0.1 from lock file\nnpm error Missing: brace-expansion@2.0.2 from lock file\nnpm error Missing: balanced-match@1.0.2 from lock file\nnpm error Missing: mimic-fn@2.1.0 from lock file\nnpm error Missing: p-limit@2.3.0 from lock file\nnpm error Missing: error-ex@1.3.4 from lock file\nnpm error Missing: json-parse-even-better-errors@2.3.1 from lock file\nnpm error Missing: lines-and-columns@1.2.4 from lock file\nnpm error Missing: is-arrayish@0.2.1 from lock file\nnpm error Missing: lru-cache@10.4.3 from lock file\nnpm error Missing: ansi-styles@5.2.0 from lock file\nnpm error Missing: react-is@18.3.1 from lock file\nnpm error Missing: shebang-regex@3.0.0 from lock file\nnpm error Missing: buffer-from@1.1.2 from lock file\nnpm error Missing: source-map@0.6.1 from lock file\nnpm error Missing: escape-string-regexp@2.0.0 from lock file\nnpm error Missing: char-regex@1.0.2 from lock file\nnpm error Missing: has-flag@4.0.0 from lock file\nnpm error Missing: @pkgr/core@0.2.9 from lock file\nnpm error Missing: glob@7.2.3 from lock file\nnpm error Missing: minimatch@3.1.2 from lock file\nnpm error Missing: is-number@7.0.0 from lock file\nnpm error Missing: @unrs/resolver-binding-android-arm-eabi@1.11.1 from lock file\nnpm error Missing: @unrs/resolver-binding-android-arm64@1.11.1 from lock file\nnpm error Missing: @unrs/resolver-binding-darwin-arm64@1.11.1 from lock file\nnpm error Missing: @unrs/resolver-binding-darwin-x64@1.11.1 from lock file\nnpm error Missing: @unrs/resolver-binding-freebsd-x64@1.11.1 from lock file\nnpm error Missing: @unrs/resolver-binding-linux-arm-gnueabihf@1.11.1 from lock file\nnpm error Missing: @unrs/resolver-binding-linux-arm-musleabihf@1.11.1 from lock file\nnpm error Missing: @unrs/resolver-binding-linux-arm64-gnu@1.11.1 from lock file\nnpm error Missing: @unrs/resolver-binding-linux-arm64-musl@1.11.1 from lock file\nnpm error Missing: @unrs/resolver-binding-linux-ppc64-gnu@1.11.1 from lock file\nnpm error Missing: @unrs/resolver-binding-linux-riscv64-gnu@1.11.1 from lock file\nnpm error Missing: @unrs/resolver-binding-linux-riscv64-musl@1.11.1 from lock file\nnpm error Missing: @unrs/resolver-binding-linux-s390x-gnu@1.11.1 from lock file\nnpm error Missing: @unrs/resolver-binding-linux-x64-gnu@1.11.1 from lock file\nnpm error Missing: @unrs/resolver-binding-linux-x64-musl@1.11.1 from lock file\nnpm error Missing: @unrs/resolver-binding-wasm32-wasi@1.11.1 from lock file\nnpm error Missing: @unrs/resolver-binding-win32-arm64-msvc@1.11.1 from lock file\nnpm error Missing: @unrs/resolver-binding-win32-ia32-msvc@1.11.1 from lock file\nnpm error Missing: @unrs/resolver-binding-win32-x64-msvc@1.11.1 from lock file\nnpm error Missing: napi-postinstall@0.3.4 from lock file\nnpm error Missing: @napi-rs/wasm-runtime@0.2.12 from lock file\nnpm error Missing: @emnapi/core@1.7.0 from lock file\nnpm error Missing: @emnapi/runtime@1.7.0 from lock file\nnpm error Missing: @tybys/wasm-util@0.10.1 from lock file\nnpm error Missing: @emnapi/wasi-threads@1.1.0 from lock file\nnpm error Missing: makeerror@1.0.12 from lock file\nnpm error Missing: tmpl@1.0.5 from lock file\nnpm error Missing: isexe@2.0.0 from lock file\nnpm error Missing: imurmurhash@0.1.4 from lock file\nnpm error Missing: ms@2.1.3 from lock file\nnpm error Missing: yallist@3.1.1 from lock file\nnpm error Missing: ms@2.1.3 from lock file\nnpm error Missing: eastasianwidth@0.2.0 from lock file\nnpm error Missing: emoji-regex@9.2.2 from lock file\nnpm error Missing: ansi-regex@6.2.2 from lock file\nnpm error Missing: ansi-styles@6.2.3 from lock file\nnpm error Missing: ms@2.1.3 from lock file\nnpm error Missing: p-try@2.2.0 from lock file\nnpm error Missing: fs.realpath@1.0.0 from lock file\nnpm error Missing: inflight@1.0.6 from lock file\nnpm error Missing: path-is-absolute@1.0.1 from lock file\nnpm error Missing: brace-expansion@1.1.12 from lock file\nnpm error Missing: concat-map@0.0.1 from lock file\nnpm error\nnpm error Clean install a project\nnpm error\nnpm error Usage:\nnpm error npm ci\nnpm error\nnpm error Options:\nnpm error [--install-strategy <hoisted|nested|shallow|linked>] [--legacy-bundling]\nnpm error [--global-style] [--omit <dev|optional|peer> [--omit <dev|optional|peer> ...]]\nnpm error [--include <prod|dev|optional|peer> [--include <prod|dev|optional|peer> ...]]\nnpm error [--strict-peer-deps] [--foreground-scripts] [--ignore-scripts] [--no-audit]\nnpm error [--no-bin-links] [--no-fund] [--dry-run]\nnpm error [-w|--workspace <workspace-name> [-w|--workspace <workspace-name> ...]]\nnpm error [-ws|--workspaces] [--include-workspace-root] [--install-links]\nnpm error\nnpm error aliases: clean-install, ic, install-clean, isntall-clean\nnpm error\nnpm error Run \"npm help ci\" for more info\nnpm error A complete log of this run can be found in: /www-data-home/.npm/_logs/2025-11-10T01_14_15_911Z-debug-0.log. For more details see the logs at https://console.cloud.google.com/cloud-build/builds;region=us-central1/6978e1f9-505b-44f2-b1e3-63c565265653?project=1094720738965."}}
[debug] [2025-11-10T01:15:02.705Z] Got source token undefined for region us-central1
[error] Build failed with status: FAILURE and message: npm error code EUSAGE
npm error
npm error `npm ci` can only install packages when your package.json and package-lock.json or npm-shrinkwrap.json are in sync. Please update your lock file with `npm install` before continuing.
npm error
npm error Missing: jest@30.2.0 from lock file
npm error Missing: @jest/core@30.2.0 from lock file
npm error Missing: @jest/types@30.2.0 from lock file
npm error Missing: import-local@3.2.0 from lock file
npm error Missing: jest-cli@30.2.0 from lock file
npm error Missing: @jest/console@30.2.0 from lock file
npm error Missing: @jest/pattern@30.0.1 from lock file
npm error Missing: @jest/reporters@30.2.0 from lock file
npm error Missing: @jest/test-result@30.2.0 from lock file
npm error Missing: @jest/transform@30.2.0 from lock file
npm error Missing: ansi-escapes@4.3.2 from lock file
npm error Missing: chalk@4.1.2 from lock file
npm error Missing: ci-info@4.3.1 from lock file
npm error Missing: exit-x@0.2.2 from lock file
npm error Missing: graceful-fs@4.2.11 from lock file
npm error Missing: jest-changed-files@30.2.0 from lock file
npm error Missing: jest-config@30.2.0 from lock file
npm error Missing: jest-haste-map@30.2.0 from lock file
npm error Missing: jest-message-util@30.2.0 from lock file
npm error Missing: jest-regex-util@30.0.1 from lock file
npm error Missing: jest-resolve@30.2.0 from lock file
npm error Missing: jest-resolve-dependencies@30.2.0 from lock file
npm error Missing: jest-runner@30.2.0 from lock file
npm error Missing: jest-runtime@30.2.0 from lock file
npm error Missing: jest-snapshot@30.2.0 from lock file
npm error Missing: jest-util@30.2.0 from lock file
npm error Missing: jest-validate@30.2.0 from lock file
npm error Missing: jest-watcher@30.2.0 from lock file
npm error Missing: micromatch@4.0.8 from lock file
npm error Missing: pretty-format@30.2.0 from lock file
npm error Missing: slash@3.0.0 from lock file
npm error Missing: @bcoe/v8-coverage@0.2.3 from lock file
npm error Missing: @jridgewell/trace-mapping@0.3.31 from lock file
npm error Missing: collect-v8-coverage@1.0.3 from lock file
npm error Missing: glob@10.4.5 from lock file
npm error Missing: istanbul-lib-coverage@3.2.2 from lock file
npm error Missing: istanbul-lib-instrument@6.0.3 from lock file
npm error Missing: istanbul-lib-report@3.0.1 from lock file
npm error Missing: istanbul-lib-source-maps@5.0.6 from lock file
npm error Missing: istanbul-reports@3.2.0 from lock file
npm error Missing: jest-worker@30.2.0 from lock file
npm error Missing: string-length@4.0.2 from lock file
npm error Missing: v8-to-istanbul@9.3.0 from lock file
npm error Missing: @types/istanbul-lib-coverage@2.0.6 from lock file
npm error Missing: @babel/core@7.28.5 from lock file
npm error Missing: babel-plugin-istanbul@7.0.1 from lock file
npm error Missing: convert-source-map@2.0.0 from lock file
npm error Missing: fast-json-stable-stringify@2.1.0 from lock file
npm error Missing: pirates@4.0.7 from lock file
npm error Missing: write-file-atomic@5.0.1 from lock file
npm error Missing: @babel/code-frame@7.27.1 from lock file
npm error Missing: @babel/generator@7.28.5 from lock file
npm error Missing: @babel/helper-compilation-targets@7.27.2 from lock file
npm error Missing: @babel/helper-module-transforms@7.28.3 from lock file
npm error Missing: @babel/helpers@7.28.4 from lock file
npm error Missing: @babel/parser@7.28.5 from lock file
npm error Missing: @babel/template@7.27.2 from lock file
npm error Missing: @babel/traverse@7.28.5 from lock file
npm error Missing: @babel/types@7.28.5 from lock file
npm error Missing: @jridgewell/remapping@2.3.5 from lock file
npm error Missing: debug@4.4.3 from lock file
npm error Missing: gensync@1.0.0-beta.2 from lock file
npm error Missing: json5@2.2.3 from lock file
npm error Missing: semver@6.3.1 from lock file
npm error Missing: @babel/helper-validator-identifier@7.28.5 from lock file
npm error Missing: js-tokens@4.0.0 from lock file
npm error Missing: picocolors@1.1.1 from lock file
npm error Missing: @jridgewell/gen-mapping@0.3.13 from lock file
npm error Missing: jsesc@3.1.0 from lock file
npm error Missing: @babel/compat-data@7.28.5 from lock file
npm error Missing: @babel/helper-validator-option@7.27.1 from lock file
npm error Missing: browserslist@4.27.0 from lock file
npm error Missing: lru-cache@5.1.1 from lock file
npm error Missing: semver@6.3.1 from lock file
npm error Missing: @babel/helper-module-imports@7.27.1 from lock file
npm error Missing: @babel/helper-globals@7.28.0 from lock file
npm error Missing: debug@4.4.3 from lock file
npm error Missing: @babel/helper-string-parser@7.27.1 from lock file
npm error Missing: @jest/schemas@30.0.5 from lock file
npm error Missing: @types/istanbul-reports@3.0.4 from lock file
npm error Missing: @types/yargs@17.0.34 from lock file
npm error Missing: @sinclair/typebox@0.34.41 from lock file
npm error Missing: @jridgewell/sourcemap-codec@1.5.5 from lock file
npm error Missing: @jridgewell/resolve-uri@3.1.2 from lock file
npm error Missing: @types/istanbul-lib-report@3.0.3 from lock file
npm error Missing: @types/yargs-parser@21.0.3 from lock file
npm error Missing: type-fest@0.21.3 from lock file
npm error Missing: @babel/helper-plugin-utils@7.27.1 from lock file
npm error Missing: @istanbuljs/load-nyc-config@1.1.0 from lock file
npm error Missing: @istanbuljs/schema@0.1.3 from lock file
npm error Missing: test-exclude@6.0.0 from lock file
npm error Missing: camelcase@5.3.1 from lock file
npm error Missing: find-up@4.1.0 from lock file
npm error Missing: get-package-type@0.1.0 from lock file
npm error Missing: js-yaml@3.14.1 from lock file
npm error Missing: resolve-from@5.0.0 from lock file
npm error Missing: baseline-browser-mapping@2.8.25 from lock file
npm error Missing: caniuse-lite@1.0.30001754 from lock file
npm error Missing: electron-to-chromium@1.5.249 from lock file
npm error Missing: node-releases@2.0.27 from lock file
npm error Missing: update-browserslist-db@1.1.4 from lock file
npm error Missing: supports-color@7.2.0 from lock file
npm error Missing: locate-path@5.0.0 from lock file
npm error Missing: path-exists@4.0.0 from lock file
npm error Missing: foreground-child@3.3.1 from lock file
npm error Missing: jackspeak@3.4.3 from lock file
npm error Missing: minimatch@9.0.5 from lock file
npm error Missing: minipass@7.1.2 from lock file
npm error Missing: package-json-from-dist@1.0.1 from lock file
npm error Missing: path-scurry@1.11.1 from lock file
npm error Missing: cross-spawn@7.0.6 from lock file
npm error Missing: signal-exit@4.1.0 from lock file
npm error Missing: path-key@3.1.1 from lock file
npm error Missing: shebang-command@2.0.0 from lock file
npm error Missing: which@2.0.2 from lock file
npm error Missing: pkg-dir@4.2.0 from lock file
npm error Missing: resolve-cwd@3.0.0 from lock file
npm error Missing: make-dir@4.0.0 from lock file
npm error Missing: debug@4.4.3 from lock file
npm error Missing: html-escaper@2.0.2 from lock file
npm error Missing: @isaacs/cliui@8.0.2 from lock file
npm error Missing: @pkgjs/parseargs@0.11.0 from lock file
npm error Missing: string-width@5.1.2 from lock file
npm error Missing: string-width-cjs@4.2.3 from lock file
npm error Missing: strip-ansi@7.1.2 from lock file
npm error Missing: strip-ansi-cjs@6.0.1 from lock file
npm error Missing: wrap-ansi@8.1.0 from lock file
npm error Missing: wrap-ansi-cjs@7.0.0 from lock file
npm error Missing: execa@5.1.1 from lock file
npm error Missing: get-stream@6.0.1 from lock file
npm error Missing: human-signals@2.1.0 from lock file
npm error Missing: merge-stream@2.0.0 from lock file
npm error Missing: npm-run-path@4.0.1 from lock file
npm error Missing: onetime@5.1.2 from lock file
npm error Missing: signal-exit@3.0.7 from lock file
npm error Missing: strip-final-newline@2.0.0 from lock file
npm error Missing: @jest/get-type@30.1.0 from lock file
npm error Missing: @jest/test-sequencer@30.2.0 from lock file
npm error Missing: babel-jest@30.2.0 from lock file
npm error Missing: deepmerge@4.3.1 from lock file
npm error Missing: jest-circus@30.2.0 from lock file
npm error Missing: jest-docblock@30.2.0 from lock file
npm error Missing: jest-environment-node@30.2.0 from lock file
npm error Missing: parse-json@5.2.0 from lock file
npm error Missing: strip-json-comments@3.1.1 from lock file
npm error Missing: @types/babel__core@7.20.5 from lock file
npm error Missing: babel-preset-jest@30.2.0 from lock file
npm error Missing: @types/babel__generator@7.27.0 from lock file
npm error Missing: @types/babel__template@7.4.4 from lock file
npm error Missing: @types/babel__traverse@7.28.0 from lock file
npm error Missing: babel-plugin-jest-hoist@30.2.0 from lock file
npm error Missing: babel-preset-current-node-syntax@1.2.0 from lock file
npm error Missing: @babel/plugin-syntax-async-generators@7.8.4 from lock file
npm error Missing: @babel/plugin-syntax-bigint@7.8.3 from lock file
npm error Missing: @babel/plugin-syntax-class-properties@7.12.13 from lock file
npm error Missing: @babel/plugin-syntax-class-static-block@7.14.5 from lock file
npm error Missing: @babel/plugin-syntax-import-attributes@7.27.1 from lock file
npm error Missing: @babel/plugin-syntax-import-meta@7.10.4 from lock file
npm error Missing: @babel/plugin-syntax-json-strings@7.8.3 from lock file
npm error Missing: @babel/plugin-syntax-logical-assignment-operators@7.10.4 from lock file
npm error Missing: @babel/plugin-syntax-nullish-coalescing-operator@7.8.3 from lock file
npm error Missing: @babel/plugin-syntax-numeric-separator@7.10.4 from lock file
npm error Missing: @babel/plugin-syntax-object-rest-spread@7.8.3 from lock file
npm error Missing: @babel/plugin-syntax-optional-catch-binding@7.8.3 from lock file
npm error Missing: @babel/plugin-syntax-optional-chaining@7.8.3 from lock file
npm error Missing: @babel/plugin-syntax-private-property-in-object@7.14.5 from lock file
npm error Missing: @babel/plugin-syntax-top-level-await@7.14.5 from lock file
npm error Missing: @jest/environment@30.2.0 from lock file
npm error Missing: @jest/expect@30.2.0 from lock file
npm error Missing: co@4.6.0 from lock file
npm error Missing: dedent@1.7.0 from lock file
npm error Missing: is-generator-fn@2.1.0 from lock file
npm error Missing: jest-each@30.2.0 from lock file
npm error Missing: jest-matcher-utils@30.2.0 from lock file
npm error Missing: pure-rand@7.0.1 from lock file
npm error Missing: stack-utils@2.0.6 from lock file
npm error Missing: @jest/fake-timers@30.2.0 from lock file
npm error Missing: jest-mock@30.2.0 from lock file
npm error Missing: expect@30.2.0 from lock file
npm error Missing: @sinonjs/fake-timers@13.0.5 from lock file
npm error Missing: @sinonjs/commons@3.0.1 from lock file
npm error Missing: type-detect@4.0.8 from lock file
npm error Missing: @jest/expect-utils@30.2.0 from lock file
npm error Missing: detect-newline@3.1.0 from lock file
npm error Missing: anymatch@3.1.3 from lock file
npm error Missing: fb-watchman@2.0.2 from lock file
npm error Missing: fsevents@2.3.3 from lock file
npm error Missing: walker@1.0.8 from lock file
npm error Missing: normalize-path@3.0.0 from lock file
npm error Missing: picomatch@2.3.1 from lock file
npm error Missing: bser@2.1.1 from lock file
npm error Missing: node-int64@0.4.0 from lock file
npm error Missing: jest-diff@30.2.0 from lock file
npm error Missing: @jest/diff-sequences@30.0.1 from lock file
npm error Missing: @types/stack-utils@2.0.3 from lock file
npm error Missing: jest-pnp-resolver@1.2.3 from lock file
npm error Missing: unrs-resolver@1.11.1 from lock file
npm error Missing: emittery@0.13.1 from lock file
npm error Missing: jest-leak-detector@30.2.0 from lock file
npm error Missing: source-map-support@0.5.13 from lock file
npm error Missing: @jest/globals@30.2.0 from lock file
npm error Missing: @jest/source-map@30.0.1 from lock file
npm error Missing: cjs-module-lexer@2.1.1 from lock file
npm error Missing: strip-bom@4.0.0 from lock file
npm error Missing: callsites@3.1.0 from lock file
npm error Missing: @babel/plugin-syntax-jsx@7.27.1 from lock file
npm error Missing: @babel/plugin-syntax-typescript@7.27.1 from lock file
npm error Missing: @jest/snapshot-utils@30.2.0 from lock file
npm error Missing: synckit@0.11.11 from lock file
npm error Missing: natural-compare@1.4.0 from lock file
npm error Missing: picomatch@4.0.3 from lock file
npm error Missing: camelcase@6.3.0 from lock file
npm error Missing: leven@3.1.0 from lock file
npm error Missing: @ungap/structured-clone@1.3.0 from lock file
npm error Missing: supports-color@8.1.1 from lock file
npm error Missing: argparse@1.0.10 from lock file
npm error Missing: esprima@4.0.1 from lock file
npm error Missing: sprintf-js@1.0.3 from lock file
npm error Missing: p-locate@4.1.0 from lock file
npm error Missing: braces@3.0.3 from lock file
npm error Missing: fill-range@7.1.1 from lock file
npm error Missing: to-regex-range@5.0.1 from lock file
npm error Missing: brace-expansion@2.0.2 from lock file
npm error Missing: balanced-match@1.0.2 from lock file
npm error Missing: mimic-fn@2.1.0 from lock file
npm error Missing: p-limit@2.3.0 from lock file
npm error Missing: error-ex@1.3.4 from lock file
npm error Missing: json-parse-even-better-errors@2.3.1 from lock file
npm error Missing: lines-and-columns@1.2.4 from lock file
npm error Missing: is-arrayish@0.2.1 from lock file
npm error Missing: lru-cache@10.4.3 from lock file
npm error Missing: ansi-styles@5.2.0 from lock file
npm error Missing: react-is@18.3.1 from lock file
npm error Missing: shebang-regex@3.0.0 from lock file
npm error Missing: buffer-from@1.1.2 from lock file
npm error Missing: source-map@0.6.1 from lock file
npm error Missing: escape-string-regexp@2.0.0 from lock file
npm error Missing: char-regex@1.0.2 from lock file
npm error Missing: has-flag@4.0.0 from lock file
npm error Missing: @pkgr/core@0.2.9 from lock file
npm error Missing: glob@7.2.3 from lock file
npm error Missing: minimatch@3.1.2 from lock file
npm error Missing: is-number@7.0.0 from lock file
npm error Missing: @unrs/resolver-binding-android-arm-eabi@1.11.1 from lock file
npm error Missing: @unrs/resolver-binding-android-arm64@1.11.1 from lock file
npm error Missing: @unrs/resolver-binding-darwin-arm64@1.11.1 from lock file
npm error Missing: @unrs/resolver-binding-darwin-x64@1.11.1 from lock file
npm error Missing: @unrs/resolver-binding-freebsd-x64@1.11.1 from lock file
npm error Missing: @unrs/resolver-binding-linux-arm-gnueabihf@1.11.1 from lock file
npm error Missing: @unrs/resolver-binding-linux-arm-musleabihf@1.11.1 from lock file
npm error Missing: @unrs/resolver-binding-linux-arm64-gnu@1.11.1 from lock file
npm error Missing: @unrs/resolver-binding-linux-arm64-musl@1.11.1 from lock file
npm error Missing: @unrs/resolver-binding-linux-ppc64-gnu@1.11.1 from lock file
npm error Missing: @unrs/resolver-binding-linux-riscv64-gnu@1.11.1 from lock file
npm error Missing: @unrs/resolver-binding-linux-riscv64-musl@1.11.1 from lock file
npm error Missing: @unrs/resolver-binding-linux-s390x-gnu@1.11.1 from lock file
npm error Missing: @unrs/resolver-binding-linux-x64-gnu@1.11.1 from lock file
npm error Missing: @unrs/resolver-binding-linux-x64-musl@1.11.1 from lock file
npm error Missing: @unrs/resolver-binding-wasm32-wasi@1.11.1 from lock file
npm error Missing: @unrs/resolver-binding-win32-arm64-msvc@1.11.1 from lock file
npm error Missing: @unrs/resolver-binding-win32-ia32-msvc@1.11.1 from lock file
npm error Missing: @unrs/resolver-binding-win32-x64-msvc@1.11.1 from lock file
npm error Missing: napi-postinstall@0.3.4 from lock file
npm error Missing: @napi-rs/wasm-runtime@0.2.12 from lock file
npm error Missing: @emnapi/core@1.7.0 from lock file
npm error Missing: @emnapi/runtime@1.7.0 from lock file
npm error Missing: @tybys/wasm-util@0.10.1 from lock file
npm error Missing: @emnapi/wasi-threads@1.1.0 from lock file
npm error Missing: makeerror@1.0.12 from lock file
npm error Missing: tmpl@1.0.5 from lock file
npm error Missing: isexe@2.0.0 from lock file
npm error Missing: imurmurhash@0.1.4 from lock file
npm error Missing: ms@2.1.3 from lock file
npm error Missing: yallist@3.1.1 from lock file
npm error Missing: ms@2.1.3 from lock file
npm error Missing: eastasianwidth@0.2.0 from lock file
npm error Missing: emoji-regex@9.2.2 from lock file
npm error Missing: ansi-regex@6.2.2 from lock file
npm error Missing: ansi-styles@6.2.3 from lock file
npm error Missing: ms@2.1.3 from lock file
npm error Missing: p-try@2.2.0 from lock file
npm error Missing: fs.realpath@1.0.0 from lock file
npm error Missing: inflight@1.0.6 from lock file
npm error Missing: path-is-absolute@1.0.1 from lock file
npm error Missing: brace-expansion@1.1.12 from lock file
npm error Missing: concat-map@0.0.1 from lock file
npm error
npm error Clean install a project
npm error
npm error Usage:
npm error npm ci
npm error
npm error Options:
npm error [--install-strategy <hoisted|nested|shallow|linked>] [--legacy-bundling]
npm error [--global-style] [--omit <dev|optional|peer> [--omit <dev|optional|peer> ...]]
npm error [--include <prod|dev|optional|peer> [--include <prod|dev|optional|peer> ...]]
npm error [--strict-peer-deps] [--foreground-scripts] [--ignore-scripts] [--no-audit]
npm error [--no-bin-links] [--no-fund] [--dry-run]
npm error [-w|--workspace <workspace-name> [-w|--workspace <workspace-name> ...]]
npm error [-ws|--workspaces] [--include-workspace-root] [--install-links]
npm error
npm error aliases: clean-install, ic, install-clean, isntall-clean
npm error
npm error Run "npm help ci" for more info
npm error A complete log of this run can be found in: /www-data-home/.npm/_logs/2025-11-10T01_14_15_911Z-debug-0.log. For more details see the logs at https://console.cloud.google.com/cloud-build/builds;region=us-central1/6978e1f9-505b-44f2-b1e3-63c565265653?project=1094720738965.
[debug] [2025-11-10T01:15:02.713Z] Total Function Deployment time: 69275
[debug] [2025-11-10T01:15:02.713Z] 1 Functions Deployed
[debug] [2025-11-10T01:15:02.713Z] 1 Functions Errored
[debug] [2025-11-10T01:15:02.713Z] 0 Function Deployments Aborted
[debug] [2025-11-10T01:15:02.713Z] Average Function Deployment time: 69274
[info] 
[info] Functions deploy had errors with the following functions:
	createquery(us-central1)
[debug] [2025-11-10T01:15:02.780Z] Checked if tokens are valid: true, expires at: 1762740860405
[debug] [2025-11-10T01:15:02.780Z] Checked if tokens are valid: true, expires at: 1762740860405
[debug] [2025-11-10T01:15:02.780Z] >>> [apiv2][query] GET https://artifactregistry.googleapis.com/v1/projects/jobjab-app/locations/us-central1/repositories/gcf-artifacts [none]
[debug] [2025-11-10T01:15:03.069Z] <<< [apiv2][status] GET https://artifactregistry.googleapis.com/v1/projects/jobjab-app/locations/us-central1/repositories/gcf-artifacts 200
[debug] [2025-11-10T01:15:03.069Z] <<< [apiv2][body] GET https://artifactregistry.googleapis.com/v1/projects/jobjab-app/locations/us-central1/repositories/gcf-artifacts {"name":"projects/jobjab-app/locations/us-central1/repositories/gcf-artifacts","format":"DOCKER","description":"This repository is created and used by Cloud Functions for storing function docker images.","labels":{"goog-managed-by":"cloudfunctions"},"createTime":"2025-10-11T21:29:11.111752Z","updateTime":"2025-10-11T21:30:30.863309Z","mode":"STANDARD_REPOSITORY","cleanupPolicies":{"firebase-functions-cleanup":{"id":"firebase-functions-cleanup","action":"DELETE","condition":{"tagState":"ANY","olderThan":"432000s"}}},"vulnerabilityScanningConfig":{"lastEnableTime":"2025-10-11T21:29:03.607491677Z","enablementState":"SCANNING_DISABLED","enablementStateReason":"API containerscanning.googleapis.com is not enabled."},"satisfiesPzi":true,"registryUri":"us-central1-docker.pkg.dev/jobjab-app/gcf-artifacts"}
[debug] [2025-11-10T01:15:03.070Z] Functions deploy failed.
[debug] [2025-11-10T01:15:03.070Z] {
  "endpoint": {
    "id": "createquery",
    "project": "jobjab-app",
    "region": "us-central1",
    "entryPoint": "createquery",
    "platform": "gcfv2",
    "runtime": "nodejs22",
    "eventTrigger": {
      "eventType": "google.cloud.firestore.document.v1.created",
      "retry": false,
      "eventFilters": {
        "database": "(default)",
        "namespace": "(default)"
      },
      "eventFilterPathPatterns": {
        "document": "queries/{queryId}"
      },
      "region": "nam5"
    },
    "labels": {
      "deployment-tool": "cli-firebase"
    },
    "serviceAccount": null,
    "ingressSettings": null,
    "availableMemoryMb": null,
    "timeoutSeconds": null,
    "maxInstances": null,
    "minInstances": null,
    "concurrency": 80,
    "vpc": null,
    "environmentVariables": {
      "FIREBASE_CONFIG": "{\"projectId\":\"jobjab-app\",\"storageBucket\":\"jobjab-app.firebasestorage.app\"}",
      "GCLOUD_PROJECT": "jobjab-app",
      "EVENTARC_CLOUD_EVENT_SOURCE": "projects/jobjab-app/locations/us-central1/services/createquery"
    },
    "codebase": "default",
    "cpu": 1,
    "targetedByOnly": true,
    "hash": "0cae0b3ebcce24d445e651cd8485da3e257b67b9"
  },
  "op": "create",
  "original": {
    "name": "FirebaseError",
    "children": [],
    "exit": 1,
    "message": "Build failed with status: FAILURE and message: npm error code EUSAGE\nnpm error\nnpm error `npm ci` can only install packages when your package.json and package-lock.json or npm-shrinkwrap.json are in sync. Please update your lock file with `npm install` before continuing.\nnpm error\nnpm error Missing: jest@30.2.0 from lock file\nnpm error Missing: @jest/core@30.2.0 from lock file\nnpm error Missing: @jest/types@30.2.0 from lock file\nnpm error Missing: import-local@3.2.0 from lock file\nnpm error Missing: jest-cli@30.2.0 from lock file\nnpm error Missing: @jest/console@30.2.0 from lock file\nnpm error Missing: @jest/pattern@30.0.1 from lock file\nnpm error Missing: @jest/reporters@30.2.0 from lock file\nnpm error Missing: @jest/test-result@30.2.0 from lock file\nnpm error Missing: @jest/transform@30.2.0 from lock file\nnpm error Missing: ansi-escapes@4.3.2 from lock file\nnpm error Missing: chalk@4.1.2 from lock file\nnpm error Missing: ci-info@4.3.1 from lock file\nnpm error Missing: exit-x@0.2.2 from lock file\nnpm error Missing: graceful-fs@4.2.11 from lock file\nnpm error Missing: jest-changed-files@30.2.0 from lock file\nnpm error Missing: jest-config@30.2.0 from lock file\nnpm error Missing: jest-haste-map@30.2.0 from lock file\nnpm error Missing: jest-message-util@30.2.0 from lock file\nnpm error Missing: jest-regex-util@30.0.1 from lock file\nnpm error Missing: jest-resolve@30.2.0 from lock file\nnpm error Missing: jest-resolve-dependencies@30.2.0 from lock file\nnpm error Missing: jest-runner@30.2.0 from lock file\nnpm error Missing: jest-runtime@30.2.0 from lock file\nnpm error Missing: jest-snapshot@30.2.0 from lock file\nnpm error Missing: jest-util@30.2.0 from lock file\nnpm error Missing: jest-validate@30.2.0 from lock file\nnpm error Missing: jest-watcher@30.2.0 from lock file\nnpm error Missing: micromatch@4.0.8 from lock file\nnpm error Missing: pretty-format@30.2.0 from lock file\nnpm error Missing: slash@3.0.0 from lock file\nnpm error Missing: @bcoe/v8-coverage@0.2.3 from lock file\nnpm error Missing: @jridgewell/trace-mapping@0.3.31 from lock file\nnpm error Missing: collect-v8-coverage@1.0.3 from lock file\nnpm error Missing: glob@10.4.5 from lock file\nnpm error Missing: istanbul-lib-coverage@3.2.2 from lock file\nnpm error Missing: istanbul-lib-instrument@6.0.3 from lock file\nnpm error Missing: istanbul-lib-report@3.0.1 from lock file\nnpm error Missing: istanbul-lib-source-maps@5.0.6 from lock file\nnpm error Missing: istanbul-reports@3.2.0 from lock file\nnpm error Missing: jest-worker@30.2.0 from lock file\nnpm error Missing: string-length@4.0.2 from lock file\nnpm error Missing: v8-to-istanbul@9.3.0 from lock file\nnpm error Missing: @types/istanbul-lib-coverage@2.0.6 from lock file\nnpm error Missing: @babel/core@7.28.5 from lock file\nnpm error Missing: babel-plugin-istanbul@7.0.1 from lock file\nnpm error Missing: convert-source-map@2.0.0 from lock file\nnpm error Missing: fast-json-stable-stringify@2.1.0 from lock file\nnpm error Missing: pirates@4.0.7 from lock file\nnpm error Missing: write-file-atomic@5.0.1 from lock file\nnpm error Missing: @babel/code-frame@7.27.1 from lock file\nnpm error Missing: @babel/generator@7.28.5 from lock file\nnpm error Missing: @babel/helper-compilation-targets@7.27.2 from lock file\nnpm error Missing: @babel/helper-module-transforms@7.28.3 from lock file\nnpm error Missing: @babel/helpers@7.28.4 from lock file\nnpm error Missing: @babel/parser@7.28.5 from lock file\nnpm error Missing: @babel/template@7.27.2 from lock file\nnpm error Missing: @babel/traverse@7.28.5 from lock file\nnpm error Missing: @babel/types@7.28.5 from lock file\nnpm error Missing: @jridgewell/remapping@2.3.5 from lock file\nnpm error Missing: debug@4.4.3 from lock file\nnpm error Missing: gensync@1.0.0-beta.2 from lock file\nnpm error Missing: json5@2.2.3 from lock file\nnpm error Missing: semver@6.3.1 from lock file\nnpm error Missing: @babel/helper-validator-identifier@7.28.5 from lock file\nnpm error Missing: js-tokens@4.0.0 from lock file\nnpm error Missing: picocolors@1.1.1 from lock file\nnpm error Missing: @jridgewell/gen-mapping@0.3.13 from lock file\nnpm error Missing: jsesc@3.1.0 from lock file\nnpm error Missing: @babel/compat-data@7.28.5 from lock file\nnpm error Missing: @babel/helper-validator-option@7.27.1 from lock file\nnpm error Missing: browserslist@4.27.0 from lock file\nnpm error Missing: lru-cache@5.1.1 from lock file\nnpm error Missing: semver@6.3.1 from lock file\nnpm error Missing: @babel/helper-module-imports@7.27.1 from lock file\nnpm error Missing: @babel/helper-globals@7.28.0 from lock file\nnpm error Missing: debug@4.4.3 from lock file\nnpm error Missing: @babel/helper-string-parser@7.27.1 from lock file\nnpm error Missing: @jest/schemas@30.0.5 from lock file\nnpm error Missing: @types/istanbul-reports@3.0.4 from lock file\nnpm error Missing: @types/yargs@17.0.34 from lock file\nnpm error Missing: @sinclair/typebox@0.34.41 from lock file\nnpm error Missing: @jridgewell/sourcemap-codec@1.5.5 from lock file\nnpm error Missing: @jridgewell/resolve-uri@3.1.2 from lock file\nnpm error Missing: @types/istanbul-lib-report@3.0.3 from lock file\nnpm error Missing: @types/yargs-parser@21.0.3 from lock file\nnpm error Missing: type-fest@0.21.3 from lock file\nnpm error Missing: @babel/helper-plugin-utils@7.27.1 from lock file\nnpm error Missing: @istanbuljs/load-nyc-config@1.1.0 from lock file\nnpm error Missing: @istanbuljs/schema@0.1.3 from lock file\nnpm error Missing: test-exclude@6.0.0 from lock file\nnpm error Missing: camelcase@5.3.1 from lock file\nnpm error Missing: find-up@4.1.0 from lock file\nnpm error Missing: get-package-type@0.1.0 from lock file\nnpm error Missing: js-yaml@3.14.1 from lock file\nnpm error Missing: resolve-from@5.0.0 from lock file\nnpm error Missing: baseline-browser-mapping@2.8.25 from lock file\nnpm error Missing: caniuse-lite@1.0.30001754 from lock file\nnpm error Missing: electron-to-chromium@1.5.249 from lock file\nnpm error Missing: node-releases@2.0.27 from lock file\nnpm error Missing: update-browserslist-db@1.1.4 from lock file\nnpm error Missing: supports-color@7.2.0 from lock file\nnpm error Missing: locate-path@5.0.0 from lock file\nnpm error Missing: path-exists@4.0.0 from lock file\nnpm error Missing: foreground-child@3.3.1 from lock file\nnpm error Missing: jackspeak@3.4.3 from lock file\nnpm error Missing: minimatch@9.0.5 from lock file\nnpm error Missing: minipass@7.1.2 from lock file\nnpm error Missing: package-json-from-dist@1.0.1 from lock file\nnpm error Missing: path-scurry@1.11.1 from lock file\nnpm error Missing: cross-spawn@7.0.6 from lock file\nnpm error Missing: signal-exit@4.1.0 from lock file\nnpm error Missing: path-key@3.1.1 from lock file\nnpm error Missing: shebang-command@2.0.0 from lock file\nnpm error Missing: which@2.0.2 from lock file\nnpm error Missing: pkg-dir@4.2.0 from lock file\nnpm error Missing: resolve-cwd@3.0.0 from lock file\nnpm error Missing: make-dir@4.0.0 from lock file\nnpm error Missing: debug@4.4.3 from lock file\nnpm error Missing: html-escaper@2.0.2 from lock file\nnpm error Missing: @isaacs/cliui@8.0.2 from lock file\nnpm error Missing: @pkgjs/parseargs@0.11.0 from lock file\nnpm error Missing: string-width@5.1.2 from lock file\nnpm error Missing: string-width-cjs@4.2.3 from lock file\nnpm error Missing: strip-ansi@7.1.2 from lock file\nnpm error Missing: strip-ansi-cjs@6.0.1 from lock file\nnpm error Missing: wrap-ansi@8.1.0 from lock file\nnpm error Missing: wrap-ansi-cjs@7.0.0 from lock file\nnpm error Missing: execa@5.1.1 from lock file\nnpm error Missing: get-stream@6.0.1 from lock file\nnpm error Missing: human-signals@2.1.0 from lock file\nnpm error Missing: merge-stream@2.0.0 from lock file\nnpm error Missing: npm-run-path@4.0.1 from lock file\nnpm error Missing: onetime@5.1.2 from lock file\nnpm error Missing: signal-exit@3.0.7 from lock file\nnpm error Missing: strip-final-newline@2.0.0 from lock file\nnpm error Missing: @jest/get-type@30.1.0 from lock file\nnpm error Missing: @jest/test-sequencer@30.2.0 from lock file\nnpm error Missing: babel-jest@30.2.0 from lock file\nnpm error Missing: deepmerge@4.3.1 from lock file\nnpm error Missing: jest-circus@30.2.0 from lock file\nnpm error Missing: jest-docblock@30.2.0 from lock file\nnpm error Missing: jest-environment-node@30.2.0 from lock file\nnpm error Missing: parse-json@5.2.0 from lock file\nnpm error Missing: strip-json-comments@3.1.1 from lock file\nnpm error Missing: @types/babel__core@7.20.5 from lock file\nnpm error Missing: babel-preset-jest@30.2.0 from lock file\nnpm error Missing: @types/babel__generator@7.27.0 from lock file\nnpm error Missing: @types/babel__template@7.4.4 from lock file\nnpm error Missing: @types/babel__traverse@7.28.0 from lock file\nnpm error Missing: babel-plugin-jest-hoist@30.2.0 from lock file\nnpm error Missing: babel-preset-current-node-syntax@1.2.0 from lock file\nnpm error Missing: @babel/plugin-syntax-async-generators@7.8.4 from lock file\nnpm error Missing: @babel/plugin-syntax-bigint@7.8.3 from lock file\nnpm error Missing: @babel/plugin-syntax-class-properties@7.12.13 from lock file\nnpm error Missing: @babel/plugin-syntax-class-static-block@7.14.5 from lock file\nnpm error Missing: @babel/plugin-syntax-import-attributes@7.27.1 from lock file\nnpm error Missing: @babel/plugin-syntax-import-meta@7.10.4 from lock file\nnpm error Missing: @babel/plugin-syntax-json-strings@7.8.3 from lock file\nnpm error Missing: @babel/plugin-syntax-logical-assignment-operators@7.10.4 from lock file\nnpm error Missing: @babel/plugin-syntax-nullish-coalescing-operator@7.8.3 from lock file\nnpm error Missing: @babel/plugin-syntax-numeric-separator@7.10.4 from lock file\nnpm error Missing: @babel/plugin-syntax-object-rest-spread@7.8.3 from lock file\nnpm error Missing: @babel/plugin-syntax-optional-catch-binding@7.8.3 from lock file\nnpm error Missing: @babel/plugin-syntax-optional-chaining@7.8.3 from lock file\nnpm error Missing: @babel/plugin-syntax-private-property-in-object@7.14.5 from lock file\nnpm error Missing: @babel/plugin-syntax-top-level-await@7.14.5 from lock file\nnpm error Missing: @jest/environment@30.2.0 from lock file\nnpm error Missing: @jest/expect@30.2.0 from lock file\nnpm error Missing: co@4.6.0 from lock file\nnpm error Missing: dedent@1.7.0 from lock file\nnpm error Missing: is-generator-fn@2.1.0 from lock file\nnpm error Missing: jest-each@30.2.0 from lock file\nnpm error Missing: jest-matcher-utils@30.2.0 from lock file\nnpm error Missing: pure-rand@7.0.1 from lock file\nnpm error Missing: stack-utils@2.0.6 from lock file\nnpm error Missing: @jest/fake-timers@30.2.0 from lock file\nnpm error Missing: jest-mock@30.2.0 from lock file\nnpm error Missing: expect@30.2.0 from lock file\nnpm error Missing: @sinonjs/fake-timers@13.0.5 from lock file\nnpm error Missing: @sinonjs/commons@3.0.1 from lock file\nnpm error Missing: type-detect@4.0.8 from lock file\nnpm error Missing: @jest/expect-utils@30.2.0 from lock file\nnpm error Missing: detect-newline@3.1.0 from lock file\nnpm error Missing: anymatch@3.1.3 from lock file\nnpm error Missing: fb-watchman@2.0.2 from lock file\nnpm error Missing: fsevents@2.3.3 from lock file\nnpm error Missing: walker@1.0.8 from lock file\nnpm error Missing: normalize-path@3.0.0 from lock file\nnpm error Missing: picomatch@2.3.1 from lock file\nnpm error Missing: bser@2.1.1 from lock file\nnpm error Missing: node-int64@0.4.0 from lock file\nnpm error Missing: jest-diff@30.2.0 from lock file\nnpm error Missing: @jest/diff-sequences@30.0.1 from lock file\nnpm error Missing: @types/stack-utils@2.0.3 from lock file\nnpm error Missing: jest-pnp-resolver@1.2.3 from lock file\nnpm error Missing: unrs-resolver@1.11.1 from lock file\nnpm error Missing: emittery@0.13.1 from lock file\nnpm error Missing: jest-leak-detector@30.2.0 from lock file\nnpm error Missing: source-map-support@0.5.13 from lock file\nnpm error Missing: @jest/globals@30.2.0 from lock file\nnpm error Missing: @jest/source-map@30.0.1 from lock file\nnpm error Missing: cjs-module-lexer@2.1.1 from lock file\nnpm error Missing: strip-bom@4.0.0 from lock file\nnpm error Missing: callsites@3.1.0 from lock file\nnpm error Missing: @babel/plugin-syntax-jsx@7.27.1 from lock file\nnpm error Missing: @babel/plugin-syntax-typescript@7.27.1 from lock file\nnpm error Missing: @jest/snapshot-utils@30.2.0 from lock file\nnpm error Missing: synckit@0.11.11 from lock file\nnpm error Missing: natural-compare@1.4.0 from lock file\nnpm error Missing: picomatch@4.0.3 from lock file\nnpm error Missing: camelcase@6.3.0 from lock file\nnpm error Missing: leven@3.1.0 from lock file\nnpm error Missing: @ungap/structured-clone@1.3.0 from lock file\nnpm error Missing: supports-color@8.1.1 from lock file\nnpm error Missing: argparse@1.0.10 from lock file\nnpm error Missing: esprima@4.0.1 from lock file\nnpm error Missing: sprintf-js@1.0.3 from lock file\nnpm error Missing: p-locate@4.1.0 from lock file\nnpm error Missing: braces@3.0.3 from lock file\nnpm error Missing: fill-range@7.1.1 from lock file\nnpm error Missing: to-regex-range@5.0.1 from lock file\nnpm error Missing: brace-expansion@2.0.2 from lock file\nnpm error Missing: balanced-match@1.0.2 from lock file\nnpm error Missing: mimic-fn@2.1.0 from lock file\nnpm error Missing: p-limit@2.3.0 from lock file\nnpm error Missing: error-ex@1.3.4 from lock file\nnpm error Missing: json-parse-even-better-errors@2.3.1 from lock file\nnpm error Missing: lines-and-columns@1.2.4 from lock file\nnpm error Missing: is-arrayish@0.2.1 from lock file\nnpm error Missing: lru-cache@10.4.3 from lock file\nnpm error Missing: ansi-styles@5.2.0 from lock file\nnpm error Missing: react-is@18.3.1 from lock file\nnpm error Missing: shebang-regex@3.0.0 from lock file\nnpm error Missing: buffer-from@1.1.2 from lock file\nnpm error Missing: source-map@0.6.1 from lock file\nnpm error Missing: escape-string-regexp@2.0.0 from lock file\nnpm error Missing: char-regex@1.0.2 from lock file\nnpm error Missing: has-flag@4.0.0 from lock file\nnpm error Missing: @pkgr/core@0.2.9 from lock file\nnpm error Missing: glob@7.2.3 from lock file\nnpm error Missing: minimatch@3.1.2 from lock file\nnpm error Missing: is-number@7.0.0 from lock file\nnpm error Missing: @unrs/resolver-binding-android-arm-eabi@1.11.1 from lock file\nnpm error Missing: @unrs/resolver-binding-android-arm64@1.11.1 from lock file\nnpm error Missing: @unrs/resolver-binding-darwin-arm64@1.11.1 from lock file\nnpm error Missing: @unrs/resolver-binding-darwin-x64@1.11.1 from lock file\nnpm error Missing: @unrs/resolver-binding-freebsd-x64@1.11.1 from lock file\nnpm error Missing: @unrs/resolver-binding-linux-arm-gnueabihf@1.11.1 from lock file\nnpm error Missing: @unrs/resolver-binding-linux-arm-musleabihf@1.11.1 from lock file\nnpm error Missing: @unrs/resolver-binding-linux-arm64-gnu@1.11.1 from lock file\nnpm error Missing: @unrs/resolver-binding-linux-arm64-musl@1.11.1 from lock file\nnpm error Missing: @unrs/resolver-binding-linux-ppc64-gnu@1.11.1 from lock file\nnpm error Missing: @unrs/resolver-binding-linux-riscv64-gnu@1.11.1 from lock file\nnpm error Missing: @unrs/resolver-binding-linux-riscv64-musl@1.11.1 from lock file\nnpm error Missing: @unrs/resolver-binding-linux-s390x-gnu@1.11.1 from lock file\nnpm error Missing: @unrs/resolver-binding-linux-x64-gnu@1.11.1 from lock file\nnpm error Missing: @unrs/resolver-binding-linux-x64-musl@1.11.1 from lock file\nnpm error Missing: @unrs/resolver-binding-wasm32-wasi@1.11.1 from lock file\nnpm error Missing: @unrs/resolver-binding-win32-arm64-msvc@1.11.1 from lock file\nnpm error Missing: @unrs/resolver-binding-win32-ia32-msvc@1.11.1 from lock file\nnpm error Missing: @unrs/resolver-binding-win32-x64-msvc@1.11.1 from lock file\nnpm error Missing: napi-postinstall@0.3.4 from lock file\nnpm error Missing: @napi-rs/wasm-runtime@0.2.12 from lock file\nnpm error Missing: @emnapi/core@1.7.0 from lock file\nnpm error Missing: @emnapi/runtime@1.7.0 from lock file\nnpm error Missing: @tybys/wasm-util@0.10.1 from lock file\nnpm error Missing: @emnapi/wasi-threads@1.1.0 from lock file\nnpm error Missing: makeerror@1.0.12 from lock file\nnpm error Missing: tmpl@1.0.5 from lock file\nnpm error Missing: isexe@2.0.0 from lock file\nnpm error Missing: imurmurhash@0.1.4 from lock file\nnpm error Missing: ms@2.1.3 from lock file\nnpm error Missing: yallist@3.1.1 from lock file\nnpm error Missing: ms@2.1.3 from lock file\nnpm error Missing: eastasianwidth@0.2.0 from lock file\nnpm error Missing: emoji-regex@9.2.2 from lock file\nnpm error Missing: ansi-regex@6.2.2 from lock file\nnpm error Missing: ansi-styles@6.2.3 from lock file\nnpm error Missing: ms@2.1.3 from lock file\nnpm error Missing: p-try@2.2.0 from lock file\nnpm error Missing: fs.realpath@1.0.0 from lock file\nnpm error Missing: inflight@1.0.6 from lock file\nnpm error Missing: path-is-absolute@1.0.1 from lock file\nnpm error Missing: brace-expansion@1.1.12 from lock file\nnpm error Missing: concat-map@0.0.1 from lock file\nnpm error\nnpm error Clean install a project\nnpm error\nnpm error Usage:\nnpm error npm ci\nnpm error\nnpm error Options:\nnpm error [--install-strategy <hoisted|nested|shallow|linked>] [--legacy-bundling]\nnpm error [--global-style] [--omit <dev|optional|peer> [--omit <dev|optional|peer> ...]]\nnpm error [--include <prod|dev|optional|peer> [--include <prod|dev|optional|peer> ...]]\nnpm error [--strict-peer-deps] [--foreground-scripts] [--ignore-scripts] [--no-audit]\nnpm error [--no-bin-links] [--no-fund] [--dry-run]\nnpm error [-w|--workspace <workspace-name> [-w|--workspace <workspace-name> ...]]\nnpm error [-ws|--workspaces] [--include-workspace-root] [--install-links]\nnpm error\nnpm error aliases: clean-install, ic, install-clean, isntall-clean\nnpm error\nnpm error Run \"npm help ci\" for more info\nnpm error A complete log of this run can be found in: /www-data-home/.npm/_logs/2025-11-10T01_14_15_911Z-debug-0.log. For more details see the logs at https://console.cloud.google.com/cloud-build/builds;region=us-central1/6978e1f9-505b-44f2-b1e3-63c565265653?project=1094720738965.",
    "original": {
      "code": 3,
      "message": "Build failed with status: FAILURE and message: npm error code EUSAGE\nnpm error\nnpm error `npm ci` can only install packages when your package.json and package-lock.json or npm-shrinkwrap.json are in sync. Please update your lock file with `npm install` before continuing.\nnpm error\nnpm error Missing: jest@30.2.0 from lock file\nnpm error Missing: @jest/core@30.2.0 from lock file\nnpm error Missing: @jest/types@30.2.0 from lock file\nnpm error Missing: import-local@3.2.0 from lock file\nnpm error Missing: jest-cli@30.2.0 from lock file\nnpm error Missing: @jest/console@30.2.0 from lock file\nnpm error Missing: @jest/pattern@30.0.1 from lock file\nnpm error Missing: @jest/reporters@30.2.0 from lock file\nnpm error Missing: @jest/test-result@30.2.0 from lock file\nnpm error Missing: @jest/transform@30.2.0 from lock file\nnpm error Missing: ansi-escapes@4.3.2 from lock file\nnpm error Missing: chalk@4.1.2 from lock file\nnpm error Missing: ci-info@4.3.1 from lock file\nnpm error Missing: exit-x@0.2.2 from lock file\nnpm error Missing: graceful-fs@4.2.11 from lock file\nnpm error Missing: jest-changed-files@30.2.0 from lock file\nnpm error Missing: jest-config@30.2.0 from lock file\nnpm error Missing: jest-haste-map@30.2.0 from lock file\nnpm error Missing: jest-message-util@30.2.0 from lock file\nnpm error Missing: jest-regex-util@30.0.1 from lock file\nnpm error Missing: jest-resolve@30.2.0 from lock file\nnpm error Missing: jest-resolve-dependencies@30.2.0 from lock file\nnpm error Missing: jest-runner@30.2.0 from lock file\nnpm error Missing: jest-runtime@30.2.0 from lock file\nnpm error Missing: jest-snapshot@30.2.0 from lock file\nnpm error Missing: jest-util@30.2.0 from lock file\nnpm error Missing: jest-validate@30.2.0 from lock file\nnpm error Missing: jest-watcher@30.2.0 from lock file\nnpm error Missing: micromatch@4.0.8 from lock file\nnpm error Missing: pretty-format@30.2.0 from lock file\nnpm error Missing: slash@3.0.0 from lock file\nnpm error Missing: @bcoe/v8-coverage@0.2.3 from lock file\nnpm error Missing: @jridgewell/trace-mapping@0.3.31 from lock file\nnpm error Missing: collect-v8-coverage@1.0.3 from lock file\nnpm error Missing: glob@10.4.5 from lock file\nnpm error Missing: istanbul-lib-coverage@3.2.2 from lock file\nnpm error Missing: istanbul-lib-instrument@6.0.3 from lock file\nnpm error Missing: istanbul-lib-report@3.0.1 from lock file\nnpm error Missing: istanbul-lib-source-maps@5.0.6 from lock file\nnpm error Missing: istanbul-reports@3.2.0 from lock file\nnpm error Missing: jest-worker@30.2.0 from lock file\nnpm error Missing: string-length@4.0.2 from lock file\nnpm error Missing: v8-to-istanbul@9.3.0 from lock file\nnpm error Missing: @types/istanbul-lib-coverage@2.0.6 from lock file\nnpm error Missing: @babel/core@7.28.5 from lock file\nnpm error Missing: babel-plugin-istanbul@7.0.1 from lock file\nnpm error Missing: convert-source-map@2.0.0 from lock file\nnpm error Missing: fast-json-stable-stringify@2.1.0 from lock file\nnpm error Missing: pirates@4.0.7 from lock file\nnpm error Missing: write-file-atomic@5.0.1 from lock file\nnpm error Missing: @babel/code-frame@7.27.1 from lock file\nnpm error Missing: @babel/generator@7.28.5 from lock file\nnpm error Missing: @babel/helper-compilation-targets@7.27.2 from lock file\nnpm error Missing: @babel/helper-module-transforms@7.28.3 from lock file\nnpm error Missing: @babel/helpers@7.28.4 from lock file\nnpm error Missing: @babel/parser@7.28.5 from lock file\nnpm error Missing: @babel/template@7.27.2 from lock file\nnpm error Missing: @babel/traverse@7.28.5 from lock file\nnpm error Missing: @babel/types@7.28.5 from lock file\nnpm error Missing: @jridgewell/remapping@2.3.5 from lock file\nnpm error Missing: debug@4.4.3 from lock file\nnpm error Missing: gensync@1.0.0-beta.2 from lock file\nnpm error Missing: json5@2.2.3 from lock file\nnpm error Missing: semver@6.3.1 from lock file\nnpm error Missing: @babel/helper-validator-identifier@7.28.5 from lock file\nnpm error Missing: js-tokens@4.0.0 from lock file\nnpm error Missing: picocolors@1.1.1 from lock file\nnpm error Missing: @jridgewell/gen-mapping@0.3.13 from lock file\nnpm error Missing: jsesc@3.1.0 from lock file\nnpm error Missing: @babel/compat-data@7.28.5 from lock file\nnpm error Missing: @babel/helper-validator-option@7.27.1 from lock file\nnpm error Missing: browserslist@4.27.0 from lock file\nnpm error Missing: lru-cache@5.1.1 from lock file\nnpm error Missing: semver@6.3.1 from lock file\nnpm error Missing: @babel/helper-module-imports@7.27.1 from lock file\nnpm error Missing: @babel/helper-globals@7.28.0 from lock file\nnpm error Missing: debug@4.4.3 from lock file\nnpm error Missing: @babel/helper-string-parser@7.27.1 from lock file\nnpm error Missing: @jest/schemas@30.0.5 from lock file\nnpm error Missing: @types/istanbul-reports@3.0.4 from lock file\nnpm error Missing: @types/yargs@17.0.34 from lock file\nnpm error Missing: @sinclair/typebox@0.34.41 from lock file\nnpm error Missing: @jridgewell/sourcemap-codec@1.5.5 from lock file\nnpm error Missing: @jridgewell/resolve-uri@3.1.2 from lock file\nnpm error Missing: @types/istanbul-lib-report@3.0.3 from lock file\nnpm error Missing: @types/yargs-parser@21.0.3 from lock file\nnpm error Missing: type-fest@0.21.3 from lock file\nnpm error Missing: @babel/helper-plugin-utils@7.27.1 from lock file\nnpm error Missing: @istanbuljs/load-nyc-config@1.1.0 from lock file\nnpm error Missing: @istanbuljs/schema@0.1.3 from lock file\nnpm error Missing: test-exclude@6.0.0 from lock file\nnpm error Missing: camelcase@5.3.1 from lock file\nnpm error Missing: find-up@4.1.0 from lock file\nnpm error Missing: get-package-type@0.1.0 from lock file\nnpm error Missing: js-yaml@3.14.1 from lock file\nnpm error Missing: resolve-from@5.0.0 from lock file\nnpm error Missing: baseline-browser-mapping@2.8.25 from lock file\nnpm error Missing: caniuse-lite@1.0.30001754 from lock file\nnpm error Missing: electron-to-chromium@1.5.249 from lock file\nnpm error Missing: node-releases@2.0.27 from lock file\nnpm error Missing: update-browserslist-db@1.1.4 from lock file\nnpm error Missing: supports-color@7.2.0 from lock file\nnpm error Missing: locate-path@5.0.0 from lock file\nnpm error Missing: path-exists@4.0.0 from lock file\nnpm error Missing: foreground-child@3.3.1 from lock file\nnpm error Missing: jackspeak@3.4.3 from lock file\nnpm error Missing: minimatch@9.0.5 from lock file\nnpm error Missing: minipass@7.1.2 from lock file\nnpm error Missing: package-json-from-dist@1.0.1 from lock file\nnpm error Missing: path-scurry@1.11.1 from lock file\nnpm error Missing: cross-spawn@7.0.6 from lock file\nnpm error Missing: signal-exit@4.1.0 from lock file\nnpm error Missing: path-key@3.1.1 from lock file\nnpm error Missing: shebang-command@2.0.0 from lock file\nnpm error Missing: which@2.0.2 from lock file\nnpm error Missing: pkg-dir@4.2.0 from lock file\nnpm error Missing: resolve-cwd@3.0.0 from lock file\nnpm error Missing: make-dir@4.0.0 from lock file\nnpm error Missing: debug@4.4.3 from lock file\nnpm error Missing: html-escaper@2.0.2 from lock file\nnpm error Missing: @isaacs/cliui@8.0.2 from lock file\nnpm error Missing: @pkgjs/parseargs@0.11.0 from lock file\nnpm error Missing: string-width@5.1.2 from lock file\nnpm error Missing: string-width-cjs@4.2.3 from lock file\nnpm error Missing: strip-ansi@7.1.2 from lock file\nnpm error Missing: strip-ansi-cjs@6.0.1 from lock file\nnpm error Missing: wrap-ansi@8.1.0 from lock file\nnpm error Missing: wrap-ansi-cjs@7.0.0 from lock file\nnpm error Missing: execa@5.1.1 from lock file\nnpm error Missing: get-stream@6.0.1 from lock file\nnpm error Missing: human-signals@2.1.0 from lock file\nnpm error Missing: merge-stream@2.0.0 from lock file\nnpm error Missing: npm-run-path@4.0.1 from lock file\nnpm error Missing: onetime@5.1.2 from lock file\nnpm error Missing: signal-exit@3.0.7 from lock file\nnpm error Missing: strip-final-newline@2.0.0 from lock file\nnpm error Missing: @jest/get-type@30.1.0 from lock file\nnpm error Missing: @jest/test-sequencer@30.2.0 from lock file\nnpm error Missing: babel-jest@30.2.0 from lock file\nnpm error Missing: deepmerge@4.3.1 from lock file\nnpm error Missing: jest-circus@30.2.0 from lock file\nnpm error Missing: jest-docblock@30.2.0 from lock file\nnpm error Missing: jest-environment-node@30.2.0 from lock file\nnpm error Missing: parse-json@5.2.0 from lock file\nnpm error Missing: strip-json-comments@3.1.1 from lock file\nnpm error Missing: @types/babel__core@7.20.5 from lock file\nnpm error Missing: babel-preset-jest@30.2.0 from lock file\nnpm error Missing: @types/babel__generator@7.27.0 from lock file\nnpm error Missing: @types/babel__template@7.4.4 from lock file\nnpm error Missing: @types/babel__traverse@7.28.0 from lock file\nnpm error Missing: babel-plugin-jest-hoist@30.2.0 from lock file\nnpm error Missing: babel-preset-current-node-syntax@1.2.0 from lock file\nnpm error Missing: @babel/plugin-syntax-async-generators@7.8.4 from lock file\nnpm error Missing: @babel/plugin-syntax-bigint@7.8.3 from lock file\nnpm error Missing: @babel/plugin-syntax-class-properties@7.12.13 from lock file\nnpm error Missing: @babel/plugin-syntax-class-static-block@7.14.5 from lock file\nnpm error Missing: @babel/plugin-syntax-import-attributes@7.27.1 from lock file\nnpm error Missing: @babel/plugin-syntax-import-meta@7.10.4 from lock file\nnpm error Missing: @babel/plugin-syntax-json-strings@7.8.3 from lock file\nnpm error Missing: @babel/plugin-syntax-logical-assignment-operators@7.10.4 from lock file\nnpm error Missing: @babel/plugin-syntax-nullish-coalescing-operator@7.8.3 from lock file\nnpm error Missing: @babel/plugin-syntax-numeric-separator@7.10.4 from lock file\nnpm error Missing: @babel/plugin-syntax-object-rest-spread@7.8.3 from lock file\nnpm error Missing: @babel/plugin-syntax-optional-catch-binding@7.8.3 from lock file\nnpm error Missing: @babel/plugin-syntax-optional-chaining@7.8.3 from lock file\nnpm error Missing: @babel/plugin-syntax-private-property-in-object@7.14.5 from lock file\nnpm error Missing: @babel/plugin-syntax-top-level-await@7.14.5 from lock file\nnpm error Missing: @jest/environment@30.2.0 from lock file\nnpm error Missing: @jest/expect@30.2.0 from lock file\nnpm error Missing: co@4.6.0 from lock file\nnpm error Missing: dedent@1.7.0 from lock file\nnpm error Missing: is-generator-fn@2.1.0 from lock file\nnpm error Missing: jest-each@30.2.0 from lock file\nnpm error Missing: jest-matcher-utils@30.2.0 from lock file\nnpm error Missing: pure-rand@7.0.1 from lock file\nnpm error Missing: stack-utils@2.0.6 from lock file\nnpm error Missing: @jest/fake-timers@30.2.0 from lock file\nnpm error Missing: jest-mock@30.2.0 from lock file\nnpm error Missing: expect@30.2.0 from lock file\nnpm error Missing: @sinonjs/fake-timers@13.0.5 from lock file\nnpm error Missing: @sinonjs/commons@3.0.1 from lock file\nnpm error Missing: type-detect@4.0.8 from lock file\nnpm error Missing: @jest/expect-utils@30.2.0 from lock file\nnpm error Missing: detect-newline@3.1.0 from lock file\nnpm error Missing: anymatch@3.1.3 from lock file\nnpm error Missing: fb-watchman@2.0.2 from lock file\nnpm error Missing: fsevents@2.3.3 from lock file\nnpm error Missing: walker@1.0.8 from lock file\nnpm error Missing: normalize-path@3.0.0 from lock file\nnpm error Missing: picomatch@2.3.1 from lock file\nnpm error Missing: bser@2.1.1 from lock file\nnpm error Missing: node-int64@0.4.0 from lock file\nnpm error Missing: jest-diff@30.2.0 from lock file\nnpm error Missing: @jest/diff-sequences@30.0.1 from lock file\nnpm error Missing: @types/stack-utils@2.0.3 from lock file\nnpm error Missing: jest-pnp-resolver@1.2.3 from lock file\nnpm error Missing: unrs-resolver@1.11.1 from lock file\nnpm error Missing: emittery@0.13.1 from lock file\nnpm error Missing: jest-leak-detector@30.2.0 from lock file\nnpm error Missing: source-map-support@0.5.13 from lock file\nnpm error Missing: @jest/globals@30.2.0 from lock file\nnpm error Missing: @jest/source-map@30.0.1 from lock file\nnpm error Missing: cjs-module-lexer@2.1.1 from lock file\nnpm error Missing: strip-bom@4.0.0 from lock file\nnpm error Missing: callsites@3.1.0 from lock file\nnpm error Missing: @babel/plugin-syntax-jsx@7.27.1 from lock file\nnpm error Missing: @babel/plugin-syntax-typescript@7.27.1 from lock file\nnpm error Missing: @jest/snapshot-utils@30.2.0 from lock file\nnpm error Missing: synckit@0.11.11 from lock file\nnpm error Missing: natural-compare@1.4.0 from lock file\nnpm error Missing: picomatch@4.0.3 from lock file\nnpm error Missing: camelcase@6.3.0 from lock file\nnpm error Missing: leven@3.1.0 from lock file\nnpm error Missing: @ungap/structured-clone@1.3.0 from lock file\nnpm error Missing: supports-color@8.1.1 from lock file\nnpm error Missing: argparse@1.0.10 from lock file\nnpm error Missing: esprima@4.0.1 from lock file\nnpm error Missing: sprintf-js@1.0.3 from lock file\nnpm error Missing: p-locate@4.1.0 from lock file\nnpm error Missing: braces@3.0.3 from lock file\nnpm error Missing: fill-range@7.1.1 from lock file\nnpm error Missing: to-regex-range@5.0.1 from lock file\nnpm error Missing: brace-expansion@2.0.2 from lock file\nnpm error Missing: balanced-match@1.0.2 from lock file\nnpm error Missing: mimic-fn@2.1.0 from lock file\nnpm error Missing: p-limit@2.3.0 from lock file\nnpm error Missing: error-ex@1.3.4 from lock file\nnpm error Missing: json-parse-even-better-errors@2.3.1 from lock file\nnpm error Missing: lines-and-columns@1.2.4 from lock file\nnpm error Missing: is-arrayish@0.2.1 from lock file\nnpm error Missing: lru-cache@10.4.3 from lock file\nnpm error Missing: ansi-styles@5.2.0 from lock file\nnpm error Missing: react-is@18.3.1 from lock file\nnpm error Missing: shebang-regex@3.0.0 from lock file\nnpm error Missing: buffer-from@1.1.2 from lock file\nnpm error Missing: source-map@0.6.1 from lock file\nnpm error Missing: escape-string-regexp@2.0.0 from lock file\nnpm error Missing: char-regex@1.0.2 from lock file\nnpm error Missing: has-flag@4.0.0 from lock file\nnpm error Missing: @pkgr/core@0.2.9 from lock file\nnpm error Missing: glob@7.2.3 from lock file\nnpm error Missing: minimatch@3.1.2 from lock file\nnpm error Missing: is-number@7.0.0 from lock file\nnpm error Missing: @unrs/resolver-binding-android-arm-eabi@1.11.1 from lock file\nnpm error Missing: @unrs/resolver-binding-android-arm64@1.11.1 from lock file\nnpm error Missing: @unrs/resolver-binding-darwin-arm64@1.11.1 from lock file\nnpm error Missing: @unrs/resolver-binding-darwin-x64@1.11.1 from lock file\nnpm error Missing: @unrs/resolver-binding-freebsd-x64@1.11.1 from lock file\nnpm error Missing: @unrs/resolver-binding-linux-arm-gnueabihf@1.11.1 from lock file\nnpm error Missing: @unrs/resolver-binding-linux-arm-musleabihf@1.11.1 from lock file\nnpm error Missing: @unrs/resolver-binding-linux-arm64-gnu@1.11.1 from lock file\nnpm error Missing: @unrs/resolver-binding-linux-arm64-musl@1.11.1 from lock file\nnpm error Missing: @unrs/resolver-binding-linux-ppc64-gnu@1.11.1 from lock file\nnpm error Missing: @unrs/resolver-binding-linux-riscv64-gnu@1.11.1 from lock file\nnpm error Missing: @unrs/resolver-binding-linux-riscv64-musl@1.11.1 from lock file\nnpm error Missing: @unrs/resolver-binding-linux-s390x-gnu@1.11.1 from lock file\nnpm error Missing: @unrs/resolver-binding-linux-x64-gnu@1.11.1 from lock file\nnpm error Missing: @unrs/resolver-binding-linux-x64-musl@1.11.1 from lock file\nnpm error Missing: @unrs/resolver-binding-wasm32-wasi@1.11.1 from lock file\nnpm error Missing: @unrs/resolver-binding-win32-arm64-msvc@1.11.1 from lock file\nnpm error Missing: @unrs/resolver-binding-win32-ia32-msvc@1.11.1 from lock file\nnpm error Missing: @unrs/resolver-binding-win32-x64-msvc@1.11.1 from lock file\nnpm error Missing: napi-postinstall@0.3.4 from lock file\nnpm error Missing: @napi-rs/wasm-runtime@0.2.12 from lock file\nnpm error Missing: @emnapi/core@1.7.0 from lock file\nnpm error Missing: @emnapi/runtime@1.7.0 from lock file\nnpm error Missing: @tybys/wasm-util@0.10.1 from lock file\nnpm error Missing: @emnapi/wasi-threads@1.1.0 from lock file\nnpm error Missing: makeerror@1.0.12 from lock file\nnpm error Missing: tmpl@1.0.5 from lock file\nnpm error Missing: isexe@2.0.0 from lock file\nnpm error Missing: imurmurhash@0.1.4 from lock file\nnpm error Missing: ms@2.1.3 from lock file\nnpm error Missing: yallist@3.1.1 from lock file\nnpm error Missing: ms@2.1.3 from lock file\nnpm error Missing: eastasianwidth@0.2.0 from lock file\nnpm error Missing: emoji-regex@9.2.2 from lock file\nnpm error Missing: ansi-regex@6.2.2 from lock file\nnpm error Missing: ansi-styles@6.2.3 from lock file\nnpm error Missing: ms@2.1.3 from lock file\nnpm error Missing: p-try@2.2.0 from lock file\nnpm error Missing: fs.realpath@1.0.0 from lock file\nnpm error Missing: inflight@1.0.6 from lock file\nnpm error Missing: path-is-absolute@1.0.1 from lock file\nnpm error Missing: brace-expansion@1.1.12 from lock file\nnpm error Missing: concat-map@0.0.1 from lock file\nnpm error\nnpm error Clean install a project\nnpm error\nnpm error Usage:\nnpm error npm ci\nnpm error\nnpm error Options:\nnpm error [--install-strategy <hoisted|nested|shallow|linked>] [--legacy-bundling]\nnpm error [--global-style] [--omit <dev|optional|peer> [--omit <dev|optional|peer> ...]]\nnpm error [--include <prod|dev|optional|peer> [--include <prod|dev|optional|peer> ...]]\nnpm error [--strict-peer-deps] [--foreground-scripts] [--ignore-scripts] [--no-audit]\nnpm error [--no-bin-links] [--no-fund] [--dry-run]\nnpm error [-w|--workspace <workspace-name> [-w|--workspace <workspace-name> ...]]\nnpm error [-ws|--workspaces] [--include-workspace-root] [--install-links]\nnpm error\nnpm error aliases: clean-install, ic, install-clean, isntall-clean\nnpm error\nnpm error Run \"npm help ci\" for more info\nnpm error A complete log of this run can be found in: /www-data-home/.npm/_logs/2025-11-10T01_14_15_911Z-debug-0.log. For more details see the logs at https://console.cloud.google.com/cloud-build/builds;region=us-central1/6978e1f9-505b-44f2-b1e3-63c565265653?project=1094720738965."
    },
    "status": 3,
    "code": 3
  }
}
[debug] [2025-11-10T01:15:03.095Z] Error: Failed to create function createquery in region us-central1
    at /Users/thomaspowell/.nvm/versions/node/v22.12.0/lib/node_modules/firebase-tools/lib/deploy/functions/release/fabricator.js:306:27
    at process.processTicksAndRejections (node:internal/process/task_queues:105:5)
    at async Fabricator.createV2Function (/Users/thomaspowell/.nvm/versions/node/v22.12.0/lib/node_modules/firebase-tools/lib/deploy/functions/release/fabricator.js:290:30)
    at async Fabricator.createEndpoint (/Users/thomaspowell/.nvm/versions/node/v22.12.0/lib/node_modules/firebase-tools/lib/deploy/functions/release/fabricator.js:137:13)
    at async handle (/Users/thomaspowell/.nvm/versions/node/v22.12.0/lib/node_modules/firebase-tools/lib/deploy/functions/release/fabricator.js:89:17)
[error] 
[error] Error: There was an error deploying functions
